This is pdfTeX, Version 3.14159265-2.6-1.40.16 (TeX Live 2015/Debian) (preloaded format=latex 2016.6.20)  22 JUN 2016 17:00
entering extended mode
 restricted \write18 enabled.
 %&-line parsing enabled.
**mainrep.tex
(./mainrep.tex
LaTeX2e <2016/02/01>
Babel <3.9q> and hyphenation patterns for 81 language(s) loaded.
(./iitbreport.cls
Document Class: iitbreport 14/04/2015 IIT Bombay Report class v 1.0
(/usr/share/texlive/texmf-dist/tex/latex/base/report.cls
Document Class: report 2014/09/29 v1.4h Standard LaTeX document class
(/usr/share/texlive/texmf-dist/tex/latex/base/size12.clo
File: size12.clo 2014/09/29 v1.4h Standard LaTeX file (size option)
)
\c@part=\count79
\c@chapter=\count80
\c@section=\count81
\c@subsection=\count82
\c@subsubsection=\count83
\c@paragraph=\count84
\c@subparagraph=\count85
\c@figure=\count86
\c@table=\count87
\abovecaptionskip=\skip41
\belowcaptionskip=\skip42
\bibindent=\dimen102
)
(/usr/share/texlive/texmf-dist/tex/latex/fancyhdr/fancyhdr.sty
\fancy@headwidth=\skip43
\f@ncyO@elh=\skip44
\f@ncyO@erh=\skip45
\f@ncyO@olh=\skip46
\f@ncyO@orh=\skip47
\f@ncyO@elf=\skip48
\f@ncyO@erf=\skip49
\f@ncyO@olf=\skip50
\f@ncyO@orf=\skip51
)
(/usr/share/texlive/texmf-dist/tex/latex/hyperref/hyperref.sty
Package: hyperref 2012/11/06 v6.83m Hypertext links for LaTeX

(/usr/share/texlive/texmf-dist/tex/generic/oberdiek/hobsub-hyperref.sty
Package: hobsub-hyperref 2012/05/28 v1.13 Bundle oberdiek, subset hyperref (HO)


(/usr/share/texlive/texmf-dist/tex/generic/oberdiek/hobsub-generic.sty
Package: hobsub-generic 2012/05/28 v1.13 Bundle oberdiek, subset generic (HO)
Package: hobsub 2012/05/28 v1.13 Construct package bundles (HO)
Package: infwarerr 2010/04/08 v1.3 Providing info/warning/error messages (HO)
Package: ltxcmds 2011/11/09 v1.22 LaTeX kernel commands for general use (HO)
Package: ifluatex 2010/03/01 v1.3 Provides the ifluatex switch (HO)
Package ifluatex Info: LuaTeX not detected.
Package: ifvtex 2010/03/01 v1.5 Detect VTeX and its facilities (HO)
Package ifvtex Info: VTeX not detected.
Package: intcalc 2007/09/27 v1.1 Expandable calculations with integers (HO)
Package: ifpdf 2011/01/30 v2.3 Provides the ifpdf switch (HO)
Package ifpdf Info: pdfTeX in PDF mode is not detected.
Package: etexcmds 2011/02/16 v1.5 Avoid name clashes with e-TeX commands (HO)
Package etexcmds Info: Could not find \expanded.
(etexcmds)             That can mean that you are not using pdfTeX 1.50 or
(etexcmds)             that some package has redefined \expanded.
(etexcmds)             In the latter case, load this package earlier.
Package: kvsetkeys 2012/04/25 v1.16 Key value parser (HO)
Package: kvdefinekeys 2011/04/07 v1.3 Define keys (HO)
Package: pdftexcmds 2011/11/29 v0.20 Utility functions of pdfTeX for LuaTeX (HO
)
Package pdftexcmds Info: LuaTeX not detected.
Package pdftexcmds Info: \pdf@primitive is available.
Package pdftexcmds Info: \pdf@ifprimitive is available.
Package pdftexcmds Info: \pdfdraftmode is ignored in DVI mode.
Package: pdfescape 2011/11/25 v1.13 Implements pdfTeX's escape features (HO)
Package: bigintcalc 2012/04/08 v1.3 Expandable calculations on big integers (HO
)
Package: bitset 2011/01/30 v1.1 Handle bit-vector datatype (HO)
Package: uniquecounter 2011/01/30 v1.2 Provide unlimited unique counter (HO)
)
Package hobsub Info: Skipping package `hobsub' (already loaded).
Package: letltxmacro 2010/09/02 v1.4 Let assignment for LaTeX macros (HO)
Package: hopatch 2012/05/28 v1.2 Wrapper for package hooks (HO)
Package: xcolor-patch 2011/01/30 xcolor patch
Package: atveryend 2011/06/30 v1.8 Hooks at the very end of document (HO)
Package atveryend Info: \enddocument detected (standard20110627).
Package: atbegshi 2011/10/05 v1.16 At begin shipout hook (HO)
Package: refcount 2011/10/16 v3.4 Data extraction from label references (HO)
Package: hycolor 2011/01/30 v1.7 Color options for hyperref/bookmark (HO)
)
(/usr/share/texlive/texmf-dist/tex/latex/graphics/keyval.sty
Package: keyval 2014/10/28 v1.15 key=value parser (DPC)
\KV@toks@=\toks14
)
(/usr/share/texlive/texmf-dist/tex/generic/ifxetex/ifxetex.sty
Package: ifxetex 2010/09/12 v0.6 Provides ifxetex conditional
)
(/usr/share/texlive/texmf-dist/tex/latex/oberdiek/auxhook.sty
Package: auxhook 2011/03/04 v1.3 Hooks for auxiliary files (HO)
)
(/usr/share/texlive/texmf-dist/tex/latex/oberdiek/kvoptions.sty
Package: kvoptions 2011/06/30 v3.11 Key value format for package options (HO)
)
\@linkdim=\dimen103
\Hy@linkcounter=\count88
\Hy@pagecounter=\count89

(/usr/share/texlive/texmf-dist/tex/latex/hyperref/pd1enc.def
File: pd1enc.def 2012/11/06 v6.83m Hyperref: PDFDocEncoding definition (HO)
)
\Hy@SavedSpaceFactor=\count90

(/usr/share/texlive/texmf-dist/tex/latex/latexconfig/hyperref.cfg
File: hyperref.cfg 2002/06/06 v1.2 hyperref configuration of TeXLive
)
Package hyperref Info: Option `bookmarks' set `true' on input line 4319.


Package hyperref Warning: Option `a4paper' is no longer used.

Package hyperref Info: Option `breaklinks' set `true' on input line 4319.
Package hyperref Info: Option `pdffitwindow' set `true' on input line 4319.
Package hyperref Info: Option `pdfcenterwindow' set `true' on input line 4319.
Package hyperref Info: Option `pdfusetitle' set `true' on input line 4319.
Package hyperref Info: Hyper figures OFF on input line 4443.
Package hyperref Info: Link nesting OFF on input line 4448.
Package hyperref Info: Hyper index ON on input line 4451.
Package hyperref Info: Plain pages OFF on input line 4458.
Package hyperref Info: Backreferencing OFF on input line 4463.
Package hyperref Info: Implicit mode ON; LaTeX internals redefined.
Package hyperref Info: Bookmarks ON on input line 4688.
\c@Hy@tempcnt=\count91
(/usr/share/texlive/texmf-dist/tex/latex/url/url.sty
\Urlmuskip=\muskip10
Package: url 2013/09/16  ver 3.4  Verb mode for urls, etc.
)
LaTeX Info: Redefining \url on input line 5041.
\XeTeXLinkMargin=\dimen104
\Fld@menulength=\count92
\Field@Width=\dimen105
\Fld@charsize=\dimen106
Package hyperref Info: Hyper figures OFF on input line 6295.
Package hyperref Info: Link nesting OFF on input line 6300.
Package hyperref Info: Hyper index ON on input line 6303.
Package hyperref Info: backreferencing OFF on input line 6310.
Package hyperref Info: Link coloring OFF on input line 6315.
Package hyperref Info: Link coloring with OCG OFF on input line 6320.
Package hyperref Info: PDF/A mode OFF on input line 6325.
LaTeX Info: Redefining \ref on input line 6365.
LaTeX Info: Redefining \pageref on input line 6369.
\Hy@abspage=\count93
\c@Item=\count94
\c@Hfootnote=\count95
)

Package hyperref Message: Driver (default): hdvips.

(/usr/share/texlive/texmf-dist/tex/latex/hyperref/hdvips.def
File: hdvips.def 2012/11/06 v6.83m Hyperref driver for dvips

(/usr/share/texlive/texmf-dist/tex/latex/hyperref/pdfmark.def
File: pdfmark.def 2012/11/06 v6.83m Hyperref definitions for pdfmark specials


Package hyperref Warning: You have enabled option `breaklinks'.
(hyperref)                But driver `hdvips.def' does not suppport this.
(hyperref)                Expect trouble with the link areas of broken links.

\pdf@docset=\toks15
\pdf@box=\box26
\pdf@toks=\toks16
\pdf@defaulttoks=\toks17
\HyField@AnnotCount=\count96
\Fld@listcount=\count97
\c@bookmark@seq@number=\count98
(/usr/share/texlive/texmf-dist/tex/latex/oberdiek/rerunfilecheck.sty
Package: rerunfilecheck 2011/04/15 v1.7 Rerun checks for auxiliary files (HO)
Package uniquecounter Info: New unique counter `rerunfilecheck' on input line 2
82.
)
\Hy@SectionHShift=\skip52
))
(/usr/share/texlive/texmf-dist/tex/latex/amsmath/amsmath.sty
Package: amsmath 2016/03/03 v2.15a AMS math features
\@mathmargin=\skip53

For additional information on amsmath, use the `?' option.
(/usr/share/texlive/texmf-dist/tex/latex/amsmath/amstext.sty
Package: amstext 2000/06/29 v2.01 AMS text

(/usr/share/texlive/texmf-dist/tex/latex/amsmath/amsgen.sty
File: amsgen.sty 1999/11/30 v2.0 generic functions
\@emptytoks=\toks18
\ex@=\dimen107
))
(/usr/share/texlive/texmf-dist/tex/latex/amsmath/amsbsy.sty
Package: amsbsy 1999/11/29 v1.2d Bold Symbols
\pmbraise@=\dimen108
)
(/usr/share/texlive/texmf-dist/tex/latex/amsmath/amsopn.sty
Package: amsopn 1999/12/14 v2.01 operator names
)
\inf@bad=\count99
LaTeX Info: Redefining \frac on input line 199.
\uproot@=\count100
\leftroot@=\count101
LaTeX Info: Redefining \overline on input line 297.
\classnum@=\count102
\DOTSCASE@=\count103
LaTeX Info: Redefining \ldots on input line 394.
LaTeX Info: Redefining \dots on input line 397.
LaTeX Info: Redefining \cdots on input line 518.
\Mathstrutbox@=\box27
\strutbox@=\box28
\big@size=\dimen109
LaTeX Font Info:    Redeclaring font encoding OML on input line 630.
LaTeX Font Info:    Redeclaring font encoding OMS on input line 631.
\macc@depth=\count104
\c@MaxMatrixCols=\count105
\dotsspace@=\muskip11
\c@parentequation=\count106
\dspbrk@lvl=\count107
\tag@help=\toks19
\row@=\count108
\column@=\count109
\maxfields@=\count110
\andhelp@=\toks20
\eqnshift@=\dimen110
\alignsep@=\dimen111
\tagshift@=\dimen112
\tagwidth@=\dimen113
\totwidth@=\dimen114
\lineht@=\dimen115
\@envbody=\toks21
\multlinegap=\skip54
\multlinetaggap=\skip55
\mathdisplay@stack=\toks22
LaTeX Info: Redefining \[ on input line 2735.
LaTeX Info: Redefining \] on input line 2736.
)
(/usr/share/texlive/texmf-dist/tex/latex/txfonts/txfonts.sty
Package: txfonts 2008/01/22 v3.2.1
LaTeX Font Info:    Redeclaring symbol font `operators' on input line 21.
LaTeX Font Info:    Overwriting symbol font `operators' in version `normal'
(Font)                  OT1/cmr/m/n --> OT1/txr/m/n on input line 21.
LaTeX Font Info:    Overwriting symbol font `operators' in version `bold'
(Font)                  OT1/cmr/bx/n --> OT1/txr/m/n on input line 21.
LaTeX Font Info:    Overwriting symbol font `operators' in version `bold'
(Font)                  OT1/txr/m/n --> OT1/txr/bx/n on input line 22.
\symitalic=\mathgroup4
LaTeX Font Info:    Overwriting symbol font `italic' in version `bold'
(Font)                  OT1/txr/m/it --> OT1/txr/bx/it on input line 26.
LaTeX Font Info:    Redeclaring math alphabet \mathbf on input line 29.
LaTeX Font Info:    Overwriting math alphabet `\mathbf' in version `normal'
(Font)                  OT1/cmr/bx/n --> OT1/txr/bx/n on input line 29.
LaTeX Font Info:    Overwriting math alphabet `\mathbf' in version `bold'
(Font)                  OT1/cmr/bx/n --> OT1/txr/bx/n on input line 29.
LaTeX Font Info:    Redeclaring math alphabet \mathit on input line 30.
LaTeX Font Info:    Overwriting math alphabet `\mathit' in version `normal'
(Font)                  OT1/cmr/m/it --> OT1/txr/m/it on input line 30.
LaTeX Font Info:    Overwriting math alphabet `\mathit' in version `bold'
(Font)                  OT1/cmr/bx/it --> OT1/txr/m/it on input line 30.
LaTeX Font Info:    Overwriting math alphabet `\mathit' in version `bold'
(Font)                  OT1/txr/m/it --> OT1/txr/bx/it on input line 31.
LaTeX Font Info:    Redeclaring math alphabet \mathsf on input line 40.
LaTeX Font Info:    Overwriting math alphabet `\mathsf' in version `normal'
(Font)                  OT1/cmss/m/n --> OT1/txss/m/n on input line 40.
LaTeX Font Info:    Overwriting math alphabet `\mathsf' in version `bold'
(Font)                  OT1/cmss/bx/n --> OT1/txss/m/n on input line 40.
LaTeX Font Info:    Overwriting math alphabet `\mathsf' in version `bold'
(Font)                  OT1/txss/m/n --> OT1/txss/b/n on input line 41.
LaTeX Font Info:    Redeclaring math alphabet \mathtt on input line 50.
LaTeX Font Info:    Overwriting math alphabet `\mathtt' in version `normal'
(Font)                  OT1/cmtt/m/n --> OT1/txtt/m/n on input line 50.
LaTeX Font Info:    Overwriting math alphabet `\mathtt' in version `bold'
(Font)                  OT1/cmtt/m/n --> OT1/txtt/m/n on input line 50.
LaTeX Font Info:    Overwriting math alphabet `\mathtt' in version `bold'
(Font)                  OT1/txtt/m/n --> OT1/txtt/b/n on input line 51.
LaTeX Font Info:    Redeclaring symbol font `letters' on input line 58.
LaTeX Font Info:    Overwriting symbol font `letters' in version `normal'
(Font)                  OML/cmm/m/it --> OML/txmi/m/it on input line 58.
LaTeX Font Info:    Overwriting symbol font `letters' in version `bold'
(Font)                  OML/cmm/b/it --> OML/txmi/m/it on input line 58.
LaTeX Font Info:    Overwriting symbol font `letters' in version `bold'
(Font)                  OML/txmi/m/it --> OML/txmi/bx/it on input line 59.
\symlettersA=\mathgroup5
LaTeX Font Info:    Overwriting symbol font `lettersA' in version `bold'
(Font)                  U/txmia/m/it --> U/txmia/bx/it on input line 67.
LaTeX Font Info:    Redeclaring symbol font `symbols' on input line 77.
LaTeX Font Info:    Overwriting symbol font `symbols' in version `normal'
(Font)                  OMS/cmsy/m/n --> OMS/txsy/m/n on input line 77.
LaTeX Font Info:    Overwriting symbol font `symbols' in version `bold'
(Font)                  OMS/cmsy/b/n --> OMS/txsy/m/n on input line 77.
LaTeX Font Info:    Overwriting symbol font `symbols' in version `bold'
(Font)                  OMS/txsy/m/n --> OMS/txsy/bx/n on input line 78.
\symAMSa=\mathgroup6
LaTeX Font Info:    Overwriting symbol font `AMSa' in version `bold'
(Font)                  U/txsya/m/n --> U/txsya/bx/n on input line 94.
\symAMSb=\mathgroup7
LaTeX Font Info:    Overwriting symbol font `AMSb' in version `bold'
(Font)                  U/txsyb/m/n --> U/txsyb/bx/n on input line 103.
\symsymbolsC=\mathgroup8
LaTeX Font Info:    Overwriting symbol font `symbolsC' in version `bold'
(Font)                  U/txsyc/m/n --> U/txsyc/bx/n on input line 113.
LaTeX Font Info:    Redeclaring symbol font `largesymbols' on input line 120.
LaTeX Font Info:    Overwriting symbol font `largesymbols' in version `normal'
(Font)                  OMX/cmex/m/n --> OMX/txex/m/n on input line 120.
LaTeX Font Info:    Overwriting symbol font `largesymbols' in version `bold'
(Font)                  OMX/cmex/m/n --> OMX/txex/m/n on input line 120.
LaTeX Font Info:    Overwriting symbol font `largesymbols' in version `bold'
(Font)                  OMX/txex/m/n --> OMX/txex/bx/n on input line 121.
\symlargesymbolsA=\mathgroup9
LaTeX Font Info:    Overwriting symbol font `largesymbolsA' in version `bold'
(Font)                  U/txexa/m/n --> U/txexa/bx/n on input line 129.
LaTeX Info: Redefining \not on input line 1043.
)
(/usr/share/texlive/texmf-dist/tex/latex/graphics/graphicx.sty
Package: graphicx 2014/10/28 v1.0g Enhanced LaTeX Graphics (DPC,SPQR)

(/usr/share/texlive/texmf-dist/tex/latex/graphics/graphics.sty
Package: graphics 2016/01/03 v1.0q Standard LaTeX Graphics (DPC,SPQR)

(/usr/share/texlive/texmf-dist/tex/latex/graphics/trig.sty
Package: trig 2016/01/03 v1.10 sin cos tan (DPC)
)
(/usr/share/texlive/texmf-dist/tex/latex/latexconfig/graphics.cfg
File: graphics.cfg 2010/04/23 v1.9 graphics configuration of TeX Live
)
Package graphics Info: Driver file: dvips.def on input line 95.

(/usr/share/texlive/texmf-dist/tex/latex/graphics/dvips.def
File: dvips.def 2015/12/30 v3.0k Driver-dependent file (DPC,SPQR)
))
\Gin@req@height=\dimen116
\Gin@req@width=\dimen117
)
(/usr/share/texlive/texmf-dist/tex/latex/natbib/natbib.sty
Package: natbib 2010/09/13 8.31b (PWD, AO)
\bibhang=\skip56
\bibsep=\skip57
LaTeX Info: Redefining \cite on input line 694.
\c@NAT@ctr=\count111
))
(/usr/share/texlive/texmf-dist/tex/latex/booktabs/booktabs.sty
Package: booktabs 2005/04/14 v1.61803 publication quality tables
\heavyrulewidth=\dimen118
\lightrulewidth=\dimen119
\cmidrulewidth=\dimen120
\belowrulesep=\dimen121
\belowbottomsep=\dimen122
\aboverulesep=\dimen123
\abovetopsep=\dimen124
\cmidrulesep=\dimen125
\cmidrulekern=\dimen126
\defaultaddspace=\dimen127
\@cmidla=\count112
\@cmidlb=\count113
\@aboverulesep=\dimen128
\@belowrulesep=\dimen129
\@thisruleclass=\count114
\@lastruleclass=\count115
\@thisrulewidth=\dimen130
)
(/usr/share/texlive/texmf-dist/tex/latex/subfig/subfig.sty
Package: subfig 2005/06/28 ver: 1.3 subfig package

(/usr/share/texlive/texmf-dist/tex/latex/caption/caption.sty
Package: caption 2016/02/21 v3.3-144 Customizing captions (AR)

(/usr/share/texlive/texmf-dist/tex/latex/caption/caption3.sty
Package: caption3 2016/02/04 v1.7-139 caption3 kernel (AR)
Package caption3 Info: TeX engine: e-TeX on input line 67.
\captionmargin=\dimen131
\captionmargin@=\dimen132
\captionwidth=\dimen133
\caption@tempdima=\dimen134
\caption@indent=\dimen135
\caption@parindent=\dimen136
\caption@hangindent=\dimen137
)
\c@ContinuedFloat=\count116
Package caption Info: hyperref package is loaded.
)
\c@KVtest=\count117
\sf@farskip=\skip58
\sf@captopadj=\dimen138
\sf@capskip=\skip59
\sf@nearskip=\skip60
\c@subfigure=\count118
\c@subfigure@save=\count119
\c@lofdepth=\count120
\c@subtable=\count121
\c@subtable@save=\count122
\c@lotdepth=\count123
\sf@top=\skip61
\sf@bottom=\skip62
)
(/usr/share/texlive/texmf-dist/tex/latex/tools/tabularx.sty
Package: tabularx 2014/10/28 v2.10 `tabularx' package (DPC)

(/usr/share/texlive/texmf-dist/tex/latex/tools/array.sty
Package: array 2014/10/28 v2.4c Tabular extension package (FMi)
\col@sep=\dimen139
\extrarowheight=\dimen140
\NC@list=\toks23
\extratabsurround=\skip63
\backup@length=\skip64
)
\TX@col@width=\dimen141
\TX@old@table=\dimen142
\TX@old@col=\dimen143
\TX@target=\dimen144
\TX@delta=\dimen145
\TX@cols=\count124
\TX@ftn=\toks24
)
(/usr/share/texlive/texmf-dist/tex/latex/enumitem/enumitem.sty
Package: enumitem 2011/09/28 v3.5.2 Customized lists
\labelindent=\skip65
\enit@outerparindent=\dimen146
\enit@toks=\toks25
\enit@inbox=\box29
\enitdp@description=\count125
)
(/usr/share/texlive/texmf-dist/tex/latex/float/float.sty
Package: float 2001/11/08 v1.3d Float enhancements (AL)
\c@float@type=\count126
\float@exts=\toks26
\float@box=\box30
\@float@everytoks=\toks27
\@floatcapt=\box31
)
(/usr/share/texlive/texmf-dist/tex/latex/algorithms/algorithm.sty
Package: algorithm 2009/08/24 v0.1 Document Style `algorithm' - floating enviro
nment

(/usr/share/texlive/texmf-dist/tex/latex/base/ifthen.sty
Package: ifthen 2014/09/29 v1.1c Standard LaTeX ifthen package (DPC)
)
\@float@every@algorithm=\toks28
\c@algorithm=\count127
)
(/usr/share/texlive/texmf-dist/tex/latex/algorithmicx/algpseudocode.sty
Package: algpseudocode 

(/usr/share/texlive/texmf-dist/tex/latex/algorithmicx/algorithmicx.sty
Package: algorithmicx 2005/04/27 v1.2 Algorithmicx

Document Style algorithmicx 1.2 - a greatly improved `algorithmic' style
\c@ALG@line=\count128
\c@ALG@rem=\count129
\c@ALG@nested=\count130
\ALG@tlm=\skip66
\ALG@thistlm=\skip67
\c@ALG@Lnr=\count131
\c@ALG@blocknr=\count132
\c@ALG@storecount=\count133
\c@ALG@tmpcounter=\count134
\ALG@tmplength=\skip68
)
Document Style - pseudocode environments for use with the `algorithmicx' style
) (/usr/share/texlive/texmf-dist/tex/latex/titlesec/titlesec.sty
Package: titlesec 2016/03/15 v2.10.1 Sectioning titles
\ttl@box=\box32
\beforetitleunit=\skip69
\aftertitleunit=\skip70
\ttl@plus=\dimen147
\ttl@minus=\dimen148
\ttl@toksa=\toks29
\titlewidth=\dimen149
\titlewidthlast=\dimen150
\titlewidthfirst=\dimen151
)
(/usr/share/texlive/texmf-dist/tex/latex/xcolor/xcolor.sty
Package: xcolor 2007/01/21 v2.11 LaTeX color extensions (UK)

(/usr/share/texlive/texmf-dist/tex/latex/latexconfig/color.cfg
File: color.cfg 2007/01/18 v1.5 color configuration of teTeX/TeXLive
)
Package xcolor Info: Driver file: dvips.def on input line 225.
Package xcolor Info: Model `cmy' substituted by `cmy0' on input line 1337.
Package xcolor Info: Model `RGB' extended on input line 1353.
Package xcolor Info: Model `HTML' substituted by `rgb' on input line 1355.
Package xcolor Info: Model `Hsb' substituted by `hsb' on input line 1356.
Package xcolor Info: Model `tHsb' substituted by `hsb' on input line 1357.
Package xcolor Info: Model `HSB' substituted by `hsb' on input line 1358.
Package xcolor Info: Model `Gray' substituted by `gray' on input line 1359.
Package xcolor Info: Model `wave' substituted by `hsb' on input line 1360.
)
(/usr/share/texlive/texmf-dist/tex/latex/colortbl/colortbl.sty
Package: colortbl 2012/02/13 v1.0a Color table columns (DPC)
\everycr=\toks30
\minrowclearance=\skip71
)
(/usr/share/texlive/texmf-dist/tex/latex/wrapfig/wrapfig.sty
\wrapoverhang=\dimen152
\WF@size=\dimen153
\c@WF@wrappedlines=\count135
\WF@box=\box33
\WF@everypar=\toks31
Package: wrapfig 2003/01/31  v 3.6
)
(/usr/share/texlive/texmf-dist/tex/latex/framed/framed.sty
Package: framed 2011/10/22 v 0.96: framed or shaded text with page breaks
\OuterFrameSep=\skip72
\fb@frw=\dimen154
\fb@frh=\dimen155
\FrameRule=\dimen156
\FrameSep=\dimen157
) (./mainrep.aux
(./declaration.aux) (./certificate.aux) (./acknowledgement.aux)
(./methods/methods.aux) (./Navier-Stokes/ns.aux) (./Multigrid/multigrid.aux

LaTeX Warning: Label `E11' multiply defined.

) (./surface_tension/surface_tension.aux

LaTeX Warning: Label `table:bp' multiply defined.

))
\openout1 = `mainrep.aux'.

LaTeX Font Info:    Checking defaults for OML/txmi/m/it on input line 70.
LaTeX Font Info:    Try loading font information for OML+txmi on input line 70.

 (/usr/share/texlive/texmf-dist/tex/latex/txfonts/omltxmi.fd
File: omltxmi.fd 2000/12/15 v3.1
)
LaTeX Font Info:    ... okay on input line 70.
LaTeX Font Info:    Checking defaults for T1/cmr/m/n on input line 70.
LaTeX Font Info:    ... okay on input line 70.
LaTeX Font Info:    Checking defaults for OT1/cmr/m/n on input line 70.
LaTeX Font Info:    ... okay on input line 70.
LaTeX Font Info:    Checking defaults for OMS/txsy/m/n on input line 70.
LaTeX Font Info:    Try loading font information for OMS+txsy on input line 70.


(/usr/share/texlive/texmf-dist/tex/latex/txfonts/omstxsy.fd
File: omstxsy.fd 2000/12/15 v3.1
)
LaTeX Font Info:    ... okay on input line 70.
LaTeX Font Info:    Checking defaults for OMX/txex/m/n on input line 70.
LaTeX Font Info:    Try loading font information for OMX+txex on input line 70.


(/usr/share/texlive/texmf-dist/tex/latex/txfonts/omxtxex.fd
File: omxtxex.fd 2000/12/15 v3.1
)
LaTeX Font Info:    ... okay on input line 70.
LaTeX Font Info:    Checking defaults for U/txexa/m/n on input line 70.
LaTeX Font Info:    Try loading font information for U+txexa on input line 70.

(/usr/share/texlive/texmf-dist/tex/latex/txfonts/utxexa.fd
File: utxexa.fd 2000/12/15 v3.1
)
LaTeX Font Info:    ... okay on input line 70.
LaTeX Font Info:    Checking defaults for PD1/pdf/m/n on input line 70.
LaTeX Font Info:    ... okay on input line 70.
LaTeX Font Info:    Try loading font information for OT1+txr on input line 70.

(/usr/share/texlive/texmf-dist/tex/latex/txfonts/ot1txr.fd
File: ot1txr.fd 2000/12/15 v3.1
)
\AtBeginShipoutBox=\box34
Package hyperref Info: Link coloring OFF on input line 70.

(/usr/share/texlive/texmf-dist/tex/latex/hyperref/nameref.sty
Package: nameref 2012/10/27 v2.43 Cross-referencing by name of section

(/usr/share/texlive/texmf-dist/tex/generic/oberdiek/gettitlestring.sty
Package: gettitlestring 2010/12/03 v1.4 Cleanup title references (HO)
)
\c@section@level=\count136
)
LaTeX Info: Redefining \ref on input line 70.
LaTeX Info: Redefining \pageref on input line 70.
LaTeX Info: Redefining \nameref on input line 70.

(./mainrep.out) (./mainrep.out)
\@outlinefile=\write3
\openout3 = `mainrep.out'.

Package caption Info: Begin \AtBeginDocument code.
Package caption Info: subfig package v1.3 is loaded.
Package caption Info: float package is loaded.
Package caption Info: wrapfig package is loaded.
Package caption Info: End \AtBeginDocument code.
LaTeX Font Info:    Try loading font information for OT1+ptm on input line 80.

(/usr/share/texlive/texmf-dist/tex/latex/psnfss/ot1ptm.fd
File: ot1ptm.fd 2001/06/04 font definitions for OT1/ptm.
)
LaTeX Font Info:    Try loading font information for OT1+phv on input line 80.

(/usr/share/texlive/texmf-dist/tex/latex/psnfss/ot1phv.fd
File: ot1phv.fd 2001/06/04 scalable font definitions for OT1/phv.
)
LaTeX Font Info:    Font shape `OT1/phv/bx/n' in size <20.74> not available
(Font)              Font shape `OT1/phv/b/n' tried instead on input line 80.
LaTeX Font Info:    Try loading font information for OT1+pzc on input line 80.

(/usr/share/texlive/texmf-dist/tex/latex/psnfss/ot1pzc.fd
File: ot1pzc.fd 2001/06/04 font definitions for OT1/pzc.
)
LaTeX Font Info:    Font shape `OT1/pzc/m/it' in size <14.4> not available
(Font)              Font shape `OT1/pzc/mb/it' tried instead on input line 80.
LaTeX Font Info:    Try loading font information for OT1+ppl on input line 80.

(/usr/share/texlive/texmf-dist/tex/latex/psnfss/ot1ppl.fd
File: ot1ppl.fd 2001/06/04 font definitions for OT1/ppl.
)
LaTeX Font Info:    Font shape `OT1/ppl/bx/it' in size <14.4> not available
(Font)              Font shape `OT1/ppl/b/it' tried instead on input line 80.
LaTeX Font Info:    Font shape `OT1/ptm/bx/n' in size <14.4> not available
(Font)              Font shape `OT1/ptm/b/n' tried instead on input line 80.
File: images/iitb-black.eps Graphic file (type eps)

<images/iitb-black.eps> [1

]
\openout2 = `declaration.aux'.

 (./declaration.tex
LaTeX Font Info:    Try loading font information for U+txmia on input line 12.

(/usr/share/texlive/texmf-dist/tex/latex/txfonts/utxmia.fd
File: utxmia.fd 2000/12/15 v3.1
)
LaTeX Font Info:    Try loading font information for U+txsya on input line 12.

(/usr/share/texlive/texmf-dist/tex/latex/txfonts/utxsya.fd
File: utxsya.fd 2000/12/15 v3.1
)
LaTeX Font Info:    Try loading font information for U+txsyb on input line 12.

(/usr/share/texlive/texmf-dist/tex/latex/txfonts/utxsyb.fd
File: utxsyb.fd 2000/12/15 v3.1
)
LaTeX Font Info:    Try loading font information for U+txsyc on input line 12.

(/usr/share/texlive/texmf-dist/tex/latex/txfonts/utxsyc.fd
File: utxsyc.fd 2000/12/15 v3.1
)) [2

]
\openout2 = `certificate.aux'.


(./certificate.tex) [3


]
\openout2 = `acknowledgement.aux'.

 (./acknowledgement.tex)
Underfull \hbox (badness 10000) in paragraph at lines 4--83

 []

[4


] [1

] (./mainrep.toc [1

])
\tf@toc=\write4
\openout4 = `mainrep.toc'.

 [2] (./mainrep.lot
Overfull \hbox (10.26071pt too wide) in paragraph at lines 7--7
 [][] [][]\OT1/txr/m/n/12 Comparison of growth rate n among the var-i-ous nu-me
r-i-cal meth-ods(PROST, 
 []

)
\tf@lot=\write5
\openout5 = `mainrep.lot'.

 [3

] [4

] (./mainrep.lof [5]
Overfull \hbox (1.33278pt too wide) in paragraph at lines 47--47
 [][] [][]\OT1/txr/m/n/12 Location of nodes, blue square:x-velocity, red square
:boundary x-velocity, 
 []


Overfull \hbox (2.29277pt too wide) in paragraph at lines 47--47
 \OT1/txr/m/n/12 green triangle:y-velocity, red tri-an-gle:boundary y-velocity,
black dot:pressure[][] [][]  
 []


Overfull \hbox (8.24475pt too wide) in paragraph at lines 69--69
 [][] [][]\OT1/txr/m/n/12 Comparison of Rayleigh-Taylor In-sta-bil-ity test,(Bl
ue-[]Rud-man[][] ([]1997[][]), Red- 
 []

)
\tf@lof=\write6
\openout6 = `mainrep.lof'.

 [6]
\openout2 = `methods/methods.aux'.

 (./methods/methods.tex
Chapter 1.
[1



] [2]
File: images/quad.eps Graphic file (type eps)
 <images/quad.eps>
File: images2/shape_region.eps Graphic file (type eps)
 <images2/shape_region.eps> [3]
File: images/triangle.eps Graphic file (type eps)
 <images/triangle.eps>

! Package amsmath Error: Erroneous nesting of equation structures;
(amsmath)                trying to recover with `aligned'.

See the amsmath package documentation for explanation.
Type  H <return>  for immediate help.
 ...                                              
                                                  
l.134     \end{align}}
                      
Try typing  <return>  to proceed.
If that doesn't work, type  X <return>  to quit.


Underfull \hbox (badness 10000) in paragraph at lines 137--138

 []

File: images/trapezium.eps Graphic file (type eps)
<images/trapezium.eps>
File: images/2ndQuad.eps Graphic file (type eps)
 <images/2ndQuad.eps>

! Package amsmath Error: Erroneous nesting of equation structures;
(amsmath)                trying to recover with `aligned'.

See the amsmath package documentation for explanation.
Type  H <return>  for immediate help.
 ...                                              
                                                  
l.159    \end{align}}
                     
Try typing  <return>  to proceed.
If that doesn't work, type  X <return>  to quit.

[4] [5] [6]

! Package amsmath Error: Erroneous nesting of equation structures;
(amsmath)                trying to recover with `aligned'.

See the amsmath package documentation for explanation.
Type  H <return>  for immediate help.
 ...                                              
                                                  
l.179   \end{align} }
                     
Try typing  <return>  to proceed.
If that doesn't work, type  X <return>  to quit.

File: images/triangle_p.eps Graphic file (type eps)
<images/triangle_p.eps>
File: images/trapezium_p.eps Graphic file (type eps)
 <images/trapezium_p.eps>
Overfull \hbox (46.26347pt too wide) detected at line 223
[] []
 []

[7]
File: images/compliment_p.eps Graphic file (type eps)
 <images/compliment_p.eps>

! Package amsmath Error: Erroneous nesting of equation structures;
(amsmath)                trying to recover with `aligned'.

See the amsmath package documentation for explanation.
Type  H <return>  for immediate help.
 ...                                              
                                                  
l.239 \end{align}
                 
Try typing  <return>  to proceed.
If that doesn't work, type  X <return>  to quit.

[8]
File: images/normal_form.eps Graphic file (type eps)
 <images/normal_form.eps>
File: images/extrapolate.eps Graphic file (type eps)
 <images/extrapolate.eps>
Underfull \hbox (badness 10000) in paragraph at lines 265--267

 []

[9]

LaTeX Warning: Reference `Fig:smearing' on page 10 undefined on input line 278.


File: images/ad_triangle.eps Graphic file (type eps)
<images/ad_triangle.eps> [10]
File: images/ad_trapezium.eps Graphic file (type eps)
 <images/ad_trapezium.eps>
File: images/ad_trap_pi4.eps Graphic file (type eps)

<images/ad_trap_pi4.eps>

! Package amsmath Error: Erroneous nesting of equation structures;
(amsmath)                trying to recover with `aligned'.

See the amsmath package documentation for explanation.
Type  H <return>  for immediate help.
 ...                                              
                                                  
l.332 \end{align}
                 
Try typing  <return>  to proceed.
If that doesn't work, type  X <return>  to quit.

[11]
File: images/ad_comp.eps Graphic file (type eps)
 <images/ad_comp.eps>
Overfull \hbox (37.15854pt too wide) detected at line 350
[] []
 []

[12] [13]

! Package amsmath Error: Erroneous nesting of equation structures;
(amsmath)                trying to recover with `aligned'.

See the amsmath package documentation for explanation.
Type  H <return>  for immediate help.
 ...                                              
                                                  
l.392  \end{align}
                  
Try typing  <return>  to proceed.
If that doesn't work, type  X <return>  to quit.


! Package amsmath Error: Erroneous nesting of equation structures;
(amsmath)                trying to recover with `aligned'.

See the amsmath package documentation for explanation.
Type  H <return>  for immediate help.
 ...                                              
                                                  
l.398  \end{align}
                  
Try typing  <return>  to proceed.
If that doesn't work, type  X <return>  to quit.

File: images3/circle_original_new.eps Graphic file (type eps)
<images3/circle_original_new.eps>
File: images3/circle_Recon_LVIRA.eps Graphic file (type eps)
 <images3/circle_Recon_LVIRA.eps>
Overfull \hbox (5.99998pt too wide) in paragraph at lines 407--411
[][][][][][] 
 []

File: images3/u_ad.eps Graphic file (type eps)
<images3/u_ad.eps>
File: images3/v_ad.eps Graphic file (type eps)
 <images3/v_ad.eps>
Overfull \hbox (5.99998pt too wide) in paragraph at lines 417--421
[][][][][][] 
 []

[14] [15]
File: images2/IC.eps Graphic file (type eps)
 <images2/IC.eps>
File: images2/final500.eps Graphic file (type eps)
 <images2/final500.eps>
Overfull \hbox (5.99998pt too wide) in paragraph at lines 448--452
 [][][][][][] 
 []

File: images2/IC21.eps Graphic file (type eps)
<images2/IC21.eps>
File: images2/final504.eps Graphic file (type eps)
 <images2/final504.eps>
Overfull \hbox (5.99998pt too wide) in paragraph at lines 460--464
 [][][][][][] 
 []

[16]
File: images2/SC_628.eps Graphic file (type eps)
 <images2/SC_628.eps>
File: images2/SC_1256.eps Graphic file (type eps)
 <images2/SC_1256.eps>
File: images2/SC_1885.eps Graphic file (type eps)
 <images2/SC_1885.eps>
File: images2/SC_2513.eps Graphic file (type eps)

<images2/SC_2513.eps>
Overfull \hbox (5.99998pt too wide) in paragraph at lines 485--495
[][][][][][] 
 []


Overfull \hbox (5.99998pt too wide) in paragraph at lines 485--495
[][][][][][][][] 
 []

File: images2/SC_IC.eps Graphic file (type eps)
<images2/SC_IC.eps>
File: images2/SC_2513O.eps Graphic file (type eps)
 <images2/SC_2513O.eps>
Overfull \hbox (5.99998pt too wide) in paragraph at lines 503--507
 [][][][][][] 
 []

File: images2/shear_IC.eps Graphic file (type eps)
<images2/shear_IC.eps>
File: images2/shear_250.eps Graphic file (type eps)
 <images2/shear_250.eps>
Overfull \hbox (5.99998pt too wide) in paragraph at lines 528--531
 [][][][][][] 
 []

File: images2/shear_500.eps Graphic file (type eps)
<images2/shear_500.eps>
File: images2/shear_1000.eps Graphic file (type eps)
 <images2/shear_1000.eps>
Overfull \hbox (5.99998pt too wide) in paragraph at lines 534--538
 [][][][][][] 
 []

File: images2/shear_1000c.eps Graphic file (type eps)
<images2/shear_1000c.eps>
File: images2/shear_back.eps Graphic file (type eps)
 <images2/shear_back.eps>
Overfull \hbox (5.99998pt too wide) in paragraph at lines 546--550
 [][][][][][] 
 []


Underfull \hbox (badness 10000) in paragraph at lines 574--574
[]|\OT1/txr/m/n/12 Translational
 []


Underfull \hbox (badness 10000) in paragraph at lines 575--575
[]|\OT1/txr/m/n/12 Translational
 []


Overfull \hbox (56.65883pt too wide) in paragraph at lines 570--581
 [] 
 []

) [17] [18] [19] [20] [21]
\openout2 = `Navier-Stokes/ns.aux'.

 (./Navier-Stokes/ns.tex [22



]
Chapter 2.
File: images2/control_v.eps Graphic file (type eps)
<images2/control_v.eps>
Underfull \hbox (badness 1540) in paragraph at lines 51--53
\OT1/txr/m/n/12 Using the Reynolds trans-port the-o-rem,
 []

[23]
Overfull \hbox (61.61523pt too wide) detected at line 81
[] \OT1/txr/m/n/12 = []
 []

[24] [25] [26]
File: images2/grid_st.eps Graphic file (type eps)
 <images2/grid_st.eps>
Underfull \hbox (badness 2698) in paragraph at lines 240--240
[]\OT1/txr/m/n/12 Figure 2.2: |Stag-gered grid for
 []


Underfull \hbox (badness 10000) in paragraph at lines 240--240
\OT1/txr/m/n/12 x-velocity(Blue),y-velocity(Green)
 []

File: images2/pressure_calc.eps Graphic file (type eps)
<images2/pressure_calc.eps>
Underfull \hbox (badness 10000) in paragraph at lines 262--267

 []


Underfull \hbox (badness 10000) in paragraph at lines 262--267

 []

[27]
File: images3/wen_stencil.eps Graphic file (type eps)
 <images3/wen_stencil.eps>
Overfull \hbox (17.8699pt too wide) in paragraph at lines 283--284
 [][] 
 []

Missing character: There is no â in font txr!
Missing character: There is no ˆ in font txr!
Missing character: There is no ’ in font txr!
[28] [29] [30]
Underfull \hbox (badness 10000) in paragraph at lines 402--404

 []


! Package amsmath Error: Erroneous nesting of equation structures;
(amsmath)                trying to recover with `aligned'.

See the amsmath package documentation for explanation.
Type  H <return>  for immediate help.
 ...                                              
                                                  
l.408   \end{align} }
                     
Try typing  <return>  to proceed.
If that doesn't work, type  X <return>  to quit.

[31]

! Package amsmath Error: Erroneous nesting of equation structures;
(amsmath)                trying to recover with `aligned'.

See the amsmath package documentation for explanation.
Type  H <return>  for immediate help.
 ...                                              
                                                  
l.433  \end{align} }
                    
Try typing  <return>  to proceed.
If that doesn't work, type  X <return>  to quit.


! Package amsmath Error: Erroneous nesting of equation structures;
(amsmath)                trying to recover with `aligned'.

See the amsmath package documentation for explanation.
Type  H <return>  for immediate help.
 ...                                              
                                                  
l.446  \end{align} }
                    
Try typing  <return>  to proceed.
If that doesn't work, type  X <return>  to quit.


! Package amsmath Error: Erroneous nesting of equation structures;
(amsmath)                trying to recover with `aligned'.

See the amsmath package documentation for explanation.
Type  H <return>  for immediate help.
 ...                                              
                                                  
l.463   \end{align}
                   
Try typing  <return>  to proceed.
If that doesn't work, type  X <return>  to quit.

[32] [33]
File: images2/coupling.eps Graphic file (type eps)
 <images2/coupling.eps> [34] [35]
File: images2/Re100u.eps Graphic file (type eps)
 <images2/Re100u.eps>
File: images2/Re100v.eps Graphic file (type eps)

<images2/Re100v.eps>
Overfull \hbox (5.99998pt too wide) in paragraph at lines 580--583
 [][][][][][] 
 []

File: images2/Re400u.eps Graphic file (type eps)
<images2/Re400u.eps>
File: images2/Re400v.eps Graphic file (type eps)
 <images2/Re400v.eps>
Overfull \hbox (5.99998pt too wide) in paragraph at lines 586--589
 [][][][][][] 
 []

File: images2/Re1000u.eps Graphic file (type eps)
<images2/Re1000u.eps>
File: images2/Re1000v.eps Graphic file (type eps)
 <images2/Re1000v.eps>
Overfull \hbox (5.99998pt too wide) in paragraph at lines 592--596
 [][][][][][] 
 []

[36]
File: images2/Re100_streamf.eps Graphic file (type eps)
 <images2/Re100_streamf.eps>
File: images2/Re100_vortf.eps Graphic file (type eps)
 <images2/Re100_vortf.eps>
File: images2/Re400_streamf.eps Graphic file (type eps)

<images2/Re400_streamf.eps>
File: images2/Re400_vortf.eps Graphic file (type eps)
 <images2/Re400_vortf.eps>
File: images2/Re1000_streamf.eps Graphic file (type eps)

<images2/Re1000_streamf.eps>
File: images2/Re1000_vortf.eps Graphic file (type eps)
 <images2/Re1000_vortf.eps>

LaTeX Warning: Float too large for page by 2.73657pt on input line 622.

LaTeX Font Info:    Try loading font information for OMS+txr on input line 627.

(/usr/share/texlive/texmf-dist/tex/latex/txfonts/omstxr.fd
File: omstxr.fd 2000/12/15 v3.1
)
LaTeX Font Info:    Font shape `OMS/txr/m/n' in size <12> not available
(Font)              Font shape `OMS/txsy/m/n' tried instead on input line 627.
File: images2/drop_fall_0.eps Graphic file (type eps)

<images2/drop_fall_0.eps>
File: images2/drop_fall_100.eps Graphic file (type eps)
 <images2/drop_fall_100.eps>
File: images2/drop_fall_200.eps Graphic file (type eps)

<images2/drop_fall_200.eps>
File: images2/drop_fall_300.eps Graphic file (type eps)
 <images2/drop_fall_300.eps>
Overfull \hbox (5.99998pt too wide) in paragraph at lines 641--651
[][][][][][] 
 []


Overfull \hbox (5.99998pt too wide) in paragraph at lines 641--651
[][][][][][][][] 
 []


LaTeX Warning: Float too large for page by 48.65172pt on input line 653.

File: images2/Rudman_t0.eps Graphic file (type eps)
<images2/Rudman_t0.eps>
File: images2/Rudman_t4.eps Graphic file (type eps)
 <images2/Rudman_t4.eps>
File: images2/Rudman_t6.eps Graphic file (type eps)
 <images2/Rudman_t6.eps>
File: images2/Rudman_t8.eps Graphic file (type eps)

<images2/Rudman_t8.eps>

LaTeX Warning: Float too large for page by 85.05084pt on input line 685.

[37] [38] [39] [40] [41]
File: images2/anton-t0.0.eps Graphic file (type eps)
 <images2/anton-t0.0.eps>
File: images2/anton-t1.9.eps Graphic file (type eps)
 <images2/anton-t1.9.eps>
File: images2/anton-t2.6.eps Graphic file (type eps)

<images2/anton-t2.6.eps>
File: images2/anton-t3.3.eps Graphic file (type eps)
 <images2/anton-t3.3.eps>
File: images2/anton-t4.0.eps Graphic file (type eps)
 <images2/anton-t4.0.eps>

LaTeX Warning: Float too large for page by 90.94102pt on input line 719.

) [42] [43]
\openout2 = `Multigrid/multigrid.aux'.

 (./Multigrid/multigrid.tex [44



]
Chapter 3.

Package natbib Warning: Citation `wesseling1995introduction' on page 45 undefin
ed on input line 7.


Package natbib Warning: Citation `briggs2000multigrid' on page 45 undefined on 
input line 7.


! Package amsmath Error: Erroneous nesting of equation structures;
(amsmath)                trying to recover with `aligned'.

See the amsmath package documentation for explanation.
Type  H <return>  for immediate help.
 ...                                              
                                                  
l.27  \end{align}
                 
Try typing  <return>  to proceed.
If that doesn't work, type  X <return>  to quit.

[45]
File: images2/mat-A.eps Graphic file (type eps)
 <images2/mat-A.eps>

! Package amsmath Error: Erroneous nesting of equation structures;
(amsmath)                trying to recover with `aligned'.

See the amsmath package documentation for explanation.
Type  H <return>  for immediate help.
 ...                                              
                                                  
l.45  \end{align}
                 
Try typing  <return>  to proceed.
If that doesn't work, type  X <return>  to quit.

File: Multigrid/Fourier_modes.eps Graphic file (type eps)
<Multigrid/Fourier_modes.eps> [46]
File: Multigrid/k1.eps Graphic file (type eps)
 <Multigrid/k1.eps>
File: Multigrid/k2.eps Graphic file (type eps)
 <Multigrid/k2.eps>
Overfull \hbox (5.99998pt too wide) in paragraph at lines 75--78
 [][][][][][] 
 []

File: Multigrid/k8.eps Graphic file (type eps)
<Multigrid/k8.eps>

! Package amsmath Error: Erroneous nesting of equation structures;
(amsmath)                trying to recover with `aligned'.

See the amsmath package documentation for explanation.
Type  H <return>  for immediate help.
 ...                                              
                                                  
l.96  \end{align}
                 
Try typing  <return>  to proceed.
If that doesn't work, type  X <return>  to quit.

[47] [48]
File: Multigrid/eigen_vs_k.eps Graphic file (type eps)
 <Multigrid/eigen_vs_k.eps>
File: Multigrid/eigen_vs_k-N.eps Graphic file (type eps)
 <Multigrid/eigen_vs_k-N.eps>
File: Multigrid/eigen_vs_N.eps Graphic file (type eps)

<Multigrid/eigen_vs_N.eps> [49] [50]

! Package amsmath Error: Erroneous nesting of equation structures;
(amsmath)                trying to recover with `aligned'.

See the amsmath package documentation for explanation.
Type  H <return>  for immediate help.
 ...                                              
                                                  
l.177  \end{align}
                  
Try typing  <return>  to proceed.
If that doesn't work, type  X <return>  to quit.

File: Multigrid/fd_mg.eps Graphic file (type eps)
<Multigrid/fd_mg.eps> [51] [52]

! Package amsmath Error: Erroneous nesting of equation structures;
(amsmath)                trying to recover with `aligned'.

See the amsmath package documentation for explanation.
Type  H <return>  for immediate help.
 ...                                              
                                                  
l.246  \end{align}
                  
Try typing  <return>  to proceed.
If that doesn't work, type  X <return>  to quit.


Package natbib Warning: Citation `moin2010fundamentals' on page 53 undefined on
 input line 251.

File: Multigrid/moin_1D.eps Graphic file (type eps)
<Multigrid/moin_1D.eps>
Overfull \hbox (44.56247pt too wide) in paragraph at lines 255--256
 [][] 
 []


Package natbib Warning: Citation `Popinet2003' on page 53 undefined on input li
ne 263.

[53] [54]
File: images2/pressure.eps Graphic file (type eps)
 <images2/pressure.eps>
File: Multigrid/sol_N500_np1.eps Graphic file (type eps)
 <Multigrid/sol_N500_np1.eps>
File: Multigrid/err_N500_np1.eps Graphic file (type eps)

<Multigrid/err_N500_np1.eps> [55] [56]
File: Multigrid/speedup.eps Graphic file (type eps)
 <Multigrid/speedup.eps>
File: Multigrid/comparison.eps Graphic file (type eps)

<Multigrid/comparison.eps>) [57] [58]
\openout2 = `surface_tension/surface_tension.aux'.

 (./surface_tension/surface_tension.tex
Chapter 4.

Package hyperref Warning: Difference (2) between bookmark levels is greater 
(hyperref)                than one, level fixed on input line 4.

File: images3/height_function.eps Graphic file (type eps)
<images3/height_function.eps>
Package hyperref Info: bookmark level for unknown algorithm defaults to 0 on in
put line 33.
LaTeX Font Info:    Try loading font information for OT1+txtt on input line 42.


(/usr/share/texlive/texmf-dist/tex/latex/txfonts/ot1txtt.fd
File: ot1txtt.fd 2000/12/15 v3.1
)
File: images3/interfaces_diff_phi.eps Graphic file (type eps)

<images3/interfaces_diff_phi.eps>
File: images3/capillary_wave_prosperetti.eps Graphic file (type eps)
 <images3/capillary_wave_prosperetti.eps>
Overfull \hbox (59.41774pt too wide) in paragraph at lines 119--120
 [][] 
 []

) [59



] [60] [61] [62] [63] (./mainrep.bbl [64


] [65])

Package natbib Warning: There were undefined citations.

Package atveryend Info: Empty hook `BeforeClearDocument' on input line 115.
[66]
Package atveryend Info: Empty hook `AfterLastShipout' on input line 115.
 (./mainrep.aux (./declaration.aux) (./certificate.aux)
(./acknowledgement.aux) (./methods/methods.aux) (./Navier-Stokes/ns.aux)
(./Multigrid/multigrid.aux) (./surface_tension/surface_tension.aux))
Package atveryend Info: Empty hook `AtVeryEndDocument' on input line 115.
Package atveryend Info: Executing hook `AtEndAfterFileList' on input line 115.
Package rerunfilecheck Info: File `mainrep.out' has not changed.
(rerunfilecheck)             Checksum: D5BC043D84B6314E08680C326F4FC259;3443.


LaTeX Warning: There were undefined references.


LaTeX Warning: There were multiply-defined labels.

Package atveryend Info: Empty hook `AtVeryVeryEnd' on input line 115.
 ) 
Here is how much of TeX's memory you used:
 10253 strings out of 493030
 147525 string characters out of 6136260
 266738 words of memory out of 5000000
 13410 multiletter control sequences out of 15000+600000
 35763 words of font info for 97 fonts, out of 8000000 for 9000
 1141 hyphenation exceptions out of 8191
 44i,17n,53p,913b,481s stack positions out of 5000i,500n,10000p,200000b,80000s

Output written on mainrep.dvi (77 pages, 299760 bytes).
