\BOOKMARK [0][-]{chapter.1}{Volume of Fluid method}{}% 1
\BOOKMARK [1][-]{section.1.1}{Introduction}{chapter.1}% 2
\BOOKMARK [1][-]{section.1.2}{The Volume of Fluid method}{chapter.1}% 3
\BOOKMARK [2][-]{subsection.1.2.1}{Interface Reconstruction by Least Squares of Volume of Fluid Interface Reconstruction Algorithm \(LVIRA\)}{section.1.2}% 4
\BOOKMARK [2][-]{subsection.1.2.2}{Advection}{section.1.2}% 5
\BOOKMARK [2][-]{subsection.1.2.3}{Volume Fraction Calculation}{section.1.2}% 6
\BOOKMARK [1][-]{section.1.3}{Verification}{chapter.1}% 7
\BOOKMARK [2][-]{subsection.1.3.1}{Advection of circle in translational flow}{section.1.3}% 8
\BOOKMARK [2][-]{subsection.1.3.2}{Advection test for solid body rotation}{section.1.3}% 9
\BOOKMARK [2][-]{subsection.1.3.3}{Shear Test}{section.1.3}% 10
\BOOKMARK [2][-]{subsection.1.3.4}{Calculation of error}{section.1.3}% 11
\BOOKMARK [1][-]{section.1.4}{Conclusion}{chapter.1}% 12
\BOOKMARK [0][-]{chapter.2}{Navier Stokes Solver for two phase flow}{}% 13
\BOOKMARK [1][-]{section.2.1}{Governing Equations}{chapter.2}% 14
\BOOKMARK [2][-]{subsection.2.1.1}{Mass conservation}{section.2.1}% 15
\BOOKMARK [2][-]{subsection.2.1.2}{Momentum Conservation}{section.2.1}% 16
\BOOKMARK [2][-]{subsection.2.1.3}{Non-Dimensionalisation of governing equations}{section.2.1}% 17
\BOOKMARK [2][-]{subsection.2.1.4}{Integral form of governing equation}{section.2.1}% 18
\BOOKMARK [1][-]{section.2.2}{Discretisation of governing equations}{chapter.2}% 19
\BOOKMARK [2][-]{subsection.2.2.1}{Grid}{section.2.2}% 20
\BOOKMARK [2][-]{subsection.2.2.2}{Integration in time}{section.2.2}% 21
\BOOKMARK [2][-]{subsection.2.2.3}{Discretisation of advection terms}{section.2.2}% 22
\BOOKMARK [2][-]{subsection.2.2.4}{Diffusion terms}{section.2.2}% 23
\BOOKMARK [2][-]{subsection.2.2.5}{Boundary conditions for velocity}{section.2.2}% 24
\BOOKMARK [1][-]{section.2.3}{Pressure Poisson Equation\(PPE\)}{chapter.2}% 25
\BOOKMARK [2][-]{subsection.2.3.1}{Successive Over Relaxation method \(SOR\)}{section.2.3}% 26
\BOOKMARK [2][-]{subsection.2.3.2}{Boundary Conditions for PPE}{section.2.3}% 27
\BOOKMARK [1][-]{section.2.4}{Coupling VOF and Navier-Stokes solver}{chapter.2}% 28
\BOOKMARK [1][-]{section.2.5}{Verification}{chapter.2}% 29
\BOOKMARK [2][-]{subsection.2.5.1}{Lid Driven Cavity test}{section.2.5}% 30
\BOOKMARK [2][-]{subsection.2.5.2}{Falling Droplet}{section.2.5}% 31
\BOOKMARK [2][-]{subsection.2.5.3}{Rayleigh-Taylor Instability}{section.2.5}% 32
\BOOKMARK [1][-]{section.2.6}{Conclusion}{chapter.2}% 33
\BOOKMARK [0][-]{chapter.3}{Multigrid Methods}{}% 34
\BOOKMARK [1][-]{section.3.1}{Introduction}{chapter.3}% 35
\BOOKMARK [1][-]{section.3.2}{General Iterative Methods}{chapter.3}% 36
\BOOKMARK [2][-]{subsection.3.2.1}{Convergence analysis of Gauss-Siedel method}{section.3.2}% 37
\BOOKMARK [1][-]{section.3.3}{Algorithm of Multigrid method}{chapter.3}% 38
\BOOKMARK [1][-]{section.3.4}{Sample Problem}{chapter.3}% 39
\BOOKMARK [2][-]{subsection.3.4.1}{One dimensional Poisson's equation}{section.3.4}% 40
\BOOKMARK [2][-]{subsection.3.4.2}{Two dimensional Poisson's equation}{section.3.4}% 41
\BOOKMARK [1][-]{section.3.5}{Discretization}{chapter.3}% 42
\BOOKMARK [1][-]{section.3.6}{Validation}{chapter.3}% 43
\BOOKMARK [1][-]{section.3.7}{Comparison with SOR Parallel}{chapter.3}% 44
\BOOKMARK [0][-]{chapter.4}{Surface Tension}{}% 45
\BOOKMARK [1][-]{subsection.4.0.1}{Height Function}{chapter.4}% 46
