This is pdfTeX, Version 3.1415926-2.5-1.40.14 (TeX Live 2013/Debian) (format=pdflatex 2014.11.26)  17 JUN 2015 17:06
entering extended mode
 restricted \write18 enabled.
 %&-line parsing enabled.
**mainrep.tex
(./mainrep.tex
LaTeX2e <2011/06/27>
Babel <3.9h> and hyphenation patterns for 2 languages loaded.
(./iitbreport.cls
Document Class: iitbreport 14/04/2015 IIT Bombay Report class v 1.0
(/usr/share/texlive/texmf-dist/tex/latex/base/report.cls
Document Class: report 2007/10/19 v1.4h Standard LaTeX document class
(/usr/share/texlive/texmf-dist/tex/latex/base/size12.clo
File: size12.clo 2007/10/19 v1.4h Standard LaTeX file (size option)
)
\c@part=\count79
\c@chapter=\count80
\c@section=\count81
\c@subsection=\count82
\c@subsubsection=\count83
\c@paragraph=\count84
\c@subparagraph=\count85
\c@figure=\count86
\c@table=\count87
\abovecaptionskip=\skip41
\belowcaptionskip=\skip42
\bibindent=\dimen102
)
(/usr/share/texlive/texmf-dist/tex/latex/fancyhdr/fancyhdr.sty
\fancy@headwidth=\skip43
\f@ncyO@elh=\skip44
\f@ncyO@erh=\skip45
\f@ncyO@olh=\skip46
\f@ncyO@orh=\skip47
\f@ncyO@elf=\skip48
\f@ncyO@erf=\skip49
\f@ncyO@olf=\skip50
\f@ncyO@orf=\skip51
)
(/usr/share/texlive/texmf-dist/tex/latex/hyperref/hyperref.sty
Package: hyperref 2012/11/06 v6.83m Hypertext links for LaTeX

(/usr/share/texlive/texmf-dist/tex/generic/oberdiek/hobsub-hyperref.sty
Package: hobsub-hyperref 2012/05/28 v1.13 Bundle oberdiek, subset hyperref (HO)


(/usr/share/texlive/texmf-dist/tex/generic/oberdiek/hobsub-generic.sty
Package: hobsub-generic 2012/05/28 v1.13 Bundle oberdiek, subset generic (HO)
Package: hobsub 2012/05/28 v1.13 Construct package bundles (HO)
Package: infwarerr 2010/04/08 v1.3 Providing info/warning/error messages (HO)
Package: ltxcmds 2011/11/09 v1.22 LaTeX kernel commands for general use (HO)
Package: ifluatex 2010/03/01 v1.3 Provides the ifluatex switch (HO)
Package ifluatex Info: LuaTeX not detected.
Package: ifvtex 2010/03/01 v1.5 Detect VTeX and its facilities (HO)
Package ifvtex Info: VTeX not detected.
Package: intcalc 2007/09/27 v1.1 Expandable calculations with integers (HO)
Package: ifpdf 2011/01/30 v2.3 Provides the ifpdf switch (HO)
Package ifpdf Info: pdfTeX in PDF mode is detected.
Package: etexcmds 2011/02/16 v1.5 Avoid name clashes with e-TeX commands (HO)
Package etexcmds Info: Could not find \expanded.
(etexcmds)             That can mean that you are not using pdfTeX 1.50 or
(etexcmds)             that some package has redefined \expanded.
(etexcmds)             In the latter case, load this package earlier.
Package: kvsetkeys 2012/04/25 v1.16 Key value parser (HO)
Package: kvdefinekeys 2011/04/07 v1.3 Define keys (HO)
Package: pdftexcmds 2011/11/29 v0.20 Utility functions of pdfTeX for LuaTeX (HO
)
Package pdftexcmds Info: LuaTeX not detected.
Package pdftexcmds Info: \pdf@primitive is available.
Package pdftexcmds Info: \pdf@ifprimitive is available.
Package pdftexcmds Info: \pdfdraftmode found.
Package: pdfescape 2011/11/25 v1.13 Implements pdfTeX's escape features (HO)
Package: bigintcalc 2012/04/08 v1.3 Expandable calculations on big integers (HO
)
Package: bitset 2011/01/30 v1.1 Handle bit-vector datatype (HO)
Package: uniquecounter 2011/01/30 v1.2 Provide unlimited unique counter (HO)
)
Package hobsub Info: Skipping package `hobsub' (already loaded).
Package: letltxmacro 2010/09/02 v1.4 Let assignment for LaTeX macros (HO)
Package: hopatch 2012/05/28 v1.2 Wrapper for package hooks (HO)
Package: xcolor-patch 2011/01/30 xcolor patch
Package: atveryend 2011/06/30 v1.8 Hooks at the very end of document (HO)
Package atveryend Info: \enddocument detected (standard20110627).
Package: atbegshi 2011/10/05 v1.16 At begin shipout hook (HO)
Package: refcount 2011/10/16 v3.4 Data extraction from label references (HO)
Package: hycolor 2011/01/30 v1.7 Color options for hyperref/bookmark (HO)
)
(/usr/share/texlive/texmf-dist/tex/latex/graphics/keyval.sty
Package: keyval 1999/03/16 v1.13 key=value parser (DPC)
\KV@toks@=\toks14
)
(/usr/share/texlive/texmf-dist/tex/generic/ifxetex/ifxetex.sty
Package: ifxetex 2010/09/12 v0.6 Provides ifxetex conditional
)
(/usr/share/texlive/texmf-dist/tex/latex/oberdiek/auxhook.sty
Package: auxhook 2011/03/04 v1.3 Hooks for auxiliary files (HO)
)
(/usr/share/texlive/texmf-dist/tex/latex/oberdiek/kvoptions.sty
Package: kvoptions 2011/06/30 v3.11 Key value format for package options (HO)
)
\@linkdim=\dimen103
\Hy@linkcounter=\count88
\Hy@pagecounter=\count89

(/usr/share/texlive/texmf-dist/tex/latex/hyperref/pd1enc.def
File: pd1enc.def 2012/11/06 v6.83m Hyperref: PDFDocEncoding definition (HO)
)
\Hy@SavedSpaceFactor=\count90

(/usr/share/texlive/texmf-dist/tex/latex/latexconfig/hyperref.cfg
File: hyperref.cfg 2002/06/06 v1.2 hyperref configuration of TeXLive
)
Package hyperref Info: Option `bookmarks' set `true' on input line 4319.


Package hyperref Warning: Option `a4paper' is no longer used.

Package hyperref Info: Option `breaklinks' set `true' on input line 4319.
Package hyperref Info: Option `pdffitwindow' set `true' on input line 4319.
Package hyperref Info: Option `pdfcenterwindow' set `true' on input line 4319.
Package hyperref Info: Option `pdfusetitle' set `true' on input line 4319.
Package hyperref Info: Hyper figures OFF on input line 4443.
Package hyperref Info: Link nesting OFF on input line 4448.
Package hyperref Info: Hyper index ON on input line 4451.
Package hyperref Info: Plain pages OFF on input line 4458.
Package hyperref Info: Backreferencing OFF on input line 4463.
Package hyperref Info: Implicit mode ON; LaTeX internals redefined.
Package hyperref Info: Bookmarks ON on input line 4688.
\c@Hy@tempcnt=\count91
(/usr/share/texlive/texmf-dist/tex/latex/url/url.sty
\Urlmuskip=\muskip10
Package: url 2013/09/16  ver 3.4  Verb mode for urls, etc.
)
LaTeX Info: Redefining \url on input line 5041.
\XeTeXLinkMargin=\dimen104
\Fld@menulength=\count92
\Field@Width=\dimen105
\Fld@charsize=\dimen106
Package hyperref Info: Hyper figures OFF on input line 6295.
Package hyperref Info: Link nesting OFF on input line 6300.
Package hyperref Info: Hyper index ON on input line 6303.
Package hyperref Info: backreferencing OFF on input line 6310.
Package hyperref Info: Link coloring OFF on input line 6315.
Package hyperref Info: Link coloring with OCG OFF on input line 6320.
Package hyperref Info: PDF/A mode OFF on input line 6325.
LaTeX Info: Redefining \ref on input line 6365.
LaTeX Info: Redefining \pageref on input line 6369.
\Hy@abspage=\count93
\c@Item=\count94
\c@Hfootnote=\count95
)

Package hyperref Message: Driver (autodetected): hpdftex.

(/usr/share/texlive/texmf-dist/tex/latex/hyperref/hpdftex.def
File: hpdftex.def 2012/11/06 v6.83m Hyperref driver for pdfTeX
\Fld@listcount=\count96
\c@bookmark@seq@number=\count97

(/usr/share/texlive/texmf-dist/tex/latex/oberdiek/rerunfilecheck.sty
Package: rerunfilecheck 2011/04/15 v1.7 Rerun checks for auxiliary files (HO)
Package uniquecounter Info: New unique counter `rerunfilecheck' on input line 2
82.
)
\Hy@SectionHShift=\skip52
)
(/usr/share/texlive/texmf-dist/tex/latex/amsmath/amsmath.sty
Package: amsmath 2013/01/14 v2.14 AMS math features
\@mathmargin=\skip53

For additional information on amsmath, use the `?' option.
(/usr/share/texlive/texmf-dist/tex/latex/amsmath/amstext.sty
Package: amstext 2000/06/29 v2.01

(/usr/share/texlive/texmf-dist/tex/latex/amsmath/amsgen.sty
File: amsgen.sty 1999/11/30 v2.0
\@emptytoks=\toks15
\ex@=\dimen107
))
(/usr/share/texlive/texmf-dist/tex/latex/amsmath/amsbsy.sty
Package: amsbsy 1999/11/29 v1.2d
\pmbraise@=\dimen108
)
(/usr/share/texlive/texmf-dist/tex/latex/amsmath/amsopn.sty
Package: amsopn 1999/12/14 v2.01 operator names
)
\inf@bad=\count98
LaTeX Info: Redefining \frac on input line 210.
\uproot@=\count99
\leftroot@=\count100
LaTeX Info: Redefining \overline on input line 306.
\classnum@=\count101
\DOTSCASE@=\count102
LaTeX Info: Redefining \ldots on input line 378.
LaTeX Info: Redefining \dots on input line 381.
LaTeX Info: Redefining \cdots on input line 466.
\Mathstrutbox@=\box26
\strutbox@=\box27
\big@size=\dimen109
LaTeX Font Info:    Redeclaring font encoding OML on input line 566.
LaTeX Font Info:    Redeclaring font encoding OMS on input line 567.
\macc@depth=\count103
\c@MaxMatrixCols=\count104
\dotsspace@=\muskip11
\c@parentequation=\count105
\dspbrk@lvl=\count106
\tag@help=\toks16
\row@=\count107
\column@=\count108
\maxfields@=\count109
\andhelp@=\toks17
\eqnshift@=\dimen110
\alignsep@=\dimen111
\tagshift@=\dimen112
\tagwidth@=\dimen113
\totwidth@=\dimen114
\lineht@=\dimen115
\@envbody=\toks18
\multlinegap=\skip54
\multlinetaggap=\skip55
\mathdisplay@stack=\toks19
LaTeX Info: Redefining \[ on input line 2665.
LaTeX Info: Redefining \] on input line 2666.
)
(/usr/share/texlive/texmf-dist/tex/latex/txfonts/txfonts.sty
Package: txfonts 2008/01/22 v3.2.1
LaTeX Font Info:    Redeclaring symbol font `operators' on input line 21.
LaTeX Font Info:    Overwriting symbol font `operators' in version `normal'
(Font)                  OT1/cmr/m/n --> OT1/txr/m/n on input line 21.
LaTeX Font Info:    Overwriting symbol font `operators' in version `bold'
(Font)                  OT1/cmr/bx/n --> OT1/txr/m/n on input line 21.
LaTeX Font Info:    Overwriting symbol font `operators' in version `bold'
(Font)                  OT1/txr/m/n --> OT1/txr/bx/n on input line 22.
\symitalic=\mathgroup4
LaTeX Font Info:    Overwriting symbol font `italic' in version `bold'
(Font)                  OT1/txr/m/it --> OT1/txr/bx/it on input line 26.
LaTeX Font Info:    Redeclaring math alphabet \mathbf on input line 29.
LaTeX Font Info:    Overwriting math alphabet `\mathbf' in version `normal'
(Font)                  OT1/cmr/bx/n --> OT1/txr/bx/n on input line 29.
LaTeX Font Info:    Overwriting math alphabet `\mathbf' in version `bold'
(Font)                  OT1/cmr/bx/n --> OT1/txr/bx/n on input line 29.
LaTeX Font Info:    Redeclaring math alphabet \mathit on input line 30.
LaTeX Font Info:    Overwriting math alphabet `\mathit' in version `normal'
(Font)                  OT1/cmr/m/it --> OT1/txr/m/it on input line 30.
LaTeX Font Info:    Overwriting math alphabet `\mathit' in version `bold'
(Font)                  OT1/cmr/bx/it --> OT1/txr/m/it on input line 30.
LaTeX Font Info:    Overwriting math alphabet `\mathit' in version `bold'
(Font)                  OT1/txr/m/it --> OT1/txr/bx/it on input line 31.
LaTeX Font Info:    Redeclaring math alphabet \mathsf on input line 40.
LaTeX Font Info:    Overwriting math alphabet `\mathsf' in version `normal'
(Font)                  OT1/cmss/m/n --> OT1/txss/m/n on input line 40.
LaTeX Font Info:    Overwriting math alphabet `\mathsf' in version `bold'
(Font)                  OT1/cmss/bx/n --> OT1/txss/m/n on input line 40.
LaTeX Font Info:    Overwriting math alphabet `\mathsf' in version `bold'
(Font)                  OT1/txss/m/n --> OT1/txss/b/n on input line 41.
LaTeX Font Info:    Redeclaring math alphabet \mathtt on input line 50.
LaTeX Font Info:    Overwriting math alphabet `\mathtt' in version `normal'
(Font)                  OT1/cmtt/m/n --> OT1/txtt/m/n on input line 50.
LaTeX Font Info:    Overwriting math alphabet `\mathtt' in version `bold'
(Font)                  OT1/cmtt/m/n --> OT1/txtt/m/n on input line 50.
LaTeX Font Info:    Overwriting math alphabet `\mathtt' in version `bold'
(Font)                  OT1/txtt/m/n --> OT1/txtt/b/n on input line 51.
LaTeX Font Info:    Redeclaring symbol font `letters' on input line 58.
LaTeX Font Info:    Overwriting symbol font `letters' in version `normal'
(Font)                  OML/cmm/m/it --> OML/txmi/m/it on input line 58.
LaTeX Font Info:    Overwriting symbol font `letters' in version `bold'
(Font)                  OML/cmm/b/it --> OML/txmi/m/it on input line 58.
LaTeX Font Info:    Overwriting symbol font `letters' in version `bold'
(Font)                  OML/txmi/m/it --> OML/txmi/bx/it on input line 59.
\symlettersA=\mathgroup5
LaTeX Font Info:    Overwriting symbol font `lettersA' in version `bold'
(Font)                  U/txmia/m/it --> U/txmia/bx/it on input line 67.
LaTeX Font Info:    Redeclaring symbol font `symbols' on input line 77.
LaTeX Font Info:    Overwriting symbol font `symbols' in version `normal'
(Font)                  OMS/cmsy/m/n --> OMS/txsy/m/n on input line 77.
LaTeX Font Info:    Overwriting symbol font `symbols' in version `bold'
(Font)                  OMS/cmsy/b/n --> OMS/txsy/m/n on input line 77.
LaTeX Font Info:    Overwriting symbol font `symbols' in version `bold'
(Font)                  OMS/txsy/m/n --> OMS/txsy/bx/n on input line 78.
\symAMSa=\mathgroup6
LaTeX Font Info:    Overwriting symbol font `AMSa' in version `bold'
(Font)                  U/txsya/m/n --> U/txsya/bx/n on input line 94.
\symAMSb=\mathgroup7
LaTeX Font Info:    Overwriting symbol font `AMSb' in version `bold'
(Font)                  U/txsyb/m/n --> U/txsyb/bx/n on input line 103.
\symsymbolsC=\mathgroup8
LaTeX Font Info:    Overwriting symbol font `symbolsC' in version `bold'
(Font)                  U/txsyc/m/n --> U/txsyc/bx/n on input line 113.
LaTeX Font Info:    Redeclaring symbol font `largesymbols' on input line 120.
LaTeX Font Info:    Overwriting symbol font `largesymbols' in version `normal'
(Font)                  OMX/cmex/m/n --> OMX/txex/m/n on input line 120.
LaTeX Font Info:    Overwriting symbol font `largesymbols' in version `bold'
(Font)                  OMX/cmex/m/n --> OMX/txex/m/n on input line 120.
LaTeX Font Info:    Overwriting symbol font `largesymbols' in version `bold'
(Font)                  OMX/txex/m/n --> OMX/txex/bx/n on input line 121.
\symlargesymbolsA=\mathgroup9
LaTeX Font Info:    Overwriting symbol font `largesymbolsA' in version `bold'
(Font)                  U/txexa/m/n --> U/txexa/bx/n on input line 129.
LaTeX Info: Redefining \not on input line 1043.
)
(/usr/share/texlive/texmf-dist/tex/latex/graphics/graphicx.sty
Package: graphicx 1999/02/16 v1.0f Enhanced LaTeX Graphics (DPC,SPQR)

(/usr/share/texlive/texmf-dist/tex/latex/graphics/graphics.sty
Package: graphics 2009/02/05 v1.0o Standard LaTeX Graphics (DPC,SPQR)

(/usr/share/texlive/texmf-dist/tex/latex/graphics/trig.sty
Package: trig 1999/03/16 v1.09 sin cos tan (DPC)
)
(/usr/share/texlive/texmf-dist/tex/latex/latexconfig/graphics.cfg
File: graphics.cfg 2010/04/23 v1.9 graphics configuration of TeX Live
)
Package graphics Info: Driver file: pdftex.def on input line 91.

(/usr/share/texlive/texmf-dist/tex/latex/pdftex-def/pdftex.def
File: pdftex.def 2011/05/27 v0.06d Graphics/color for pdfTeX
\Gread@gobject=\count110
))
\Gin@req@height=\dimen116
\Gin@req@width=\dimen117
)
(/usr/share/texlive/texmf-dist/tex/latex/float/float.sty
Package: float 2001/11/08 v1.3d Float enhancements (AL)
\c@float@type=\count111
\float@exts=\toks20
\float@box=\box28
\@float@everytoks=\toks21
\@floatcapt=\box29
)
(/usr/share/texlive/texmf-dist/tex/latex/natbib/natbib.sty
Package: natbib 2010/09/13 8.31b (PWD, AO)
\bibhang=\skip56
\bibsep=\skip57
LaTeX Info: Redefining \cite on input line 694.
\c@NAT@ctr=\count112
))
(/usr/share/texlive/texmf-dist/tex/latex/booktabs/booktabs.sty
Package: booktabs 2005/04/14 v1.61803 publication quality tables
\heavyrulewidth=\dimen118
\lightrulewidth=\dimen119
\cmidrulewidth=\dimen120
\belowrulesep=\dimen121
\belowbottomsep=\dimen122
\aboverulesep=\dimen123
\abovetopsep=\dimen124
\cmidrulesep=\dimen125
\cmidrulekern=\dimen126
\defaultaddspace=\dimen127
\@cmidla=\count113
\@cmidlb=\count114
\@aboverulesep=\dimen128
\@belowrulesep=\dimen129
\@thisruleclass=\count115
\@lastruleclass=\count116
\@thisrulewidth=\dimen130
)
(/usr/share/texlive/texmf-dist/tex/latex/subfig/subfig.sty
Package: subfig 2005/06/28 ver: 1.3 subfig package

(/usr/share/texlive/texmf-dist/tex/latex/caption/caption.sty
Package: caption 2013/05/02 v3.3-89 Customizing captions (AR)

(/usr/share/texlive/texmf-dist/tex/latex/caption/caption3.sty
Package: caption3 2013/05/02 v1.6-88 caption3 kernel (AR)
Package caption3 Info: TeX engine: e-TeX on input line 57.
\captionmargin=\dimen131
\captionmargin@=\dimen132
\captionwidth=\dimen133
\caption@tempdima=\dimen134
\caption@indent=\dimen135
\caption@parindent=\dimen136
\caption@hangindent=\dimen137
)
\c@ContinuedFloat=\count117
Package caption Info: float package is loaded.
Package caption Info: hyperref package is loaded.
)
\c@KVtest=\count118
\sf@farskip=\skip58
\sf@captopadj=\dimen138
\sf@capskip=\skip59
\sf@nearskip=\skip60
\c@subfigure=\count119
\c@subfigure@save=\count120
\c@lofdepth=\count121
\c@subtable=\count122
\c@subtable@save=\count123
\c@lotdepth=\count124
\sf@top=\skip61
\sf@bottom=\skip62
)
(/usr/share/texlive/texmf-dist/tex/latex/tools/tabularx.sty
Package: tabularx 1999/01/07 v2.07 `tabularx' package (DPC)

(/usr/share/texlive/texmf-dist/tex/latex/tools/array.sty
Package: array 2008/09/09 v2.4c Tabular extension package (FMi)
\col@sep=\dimen139
\extrarowheight=\dimen140
\NC@list=\toks22
\extratabsurround=\skip63
\backup@length=\skip64
)
\TX@col@width=\dimen141
\TX@old@table=\dimen142
\TX@old@col=\dimen143
\TX@target=\dimen144
\TX@delta=\dimen145
\TX@cols=\count125
\TX@ftn=\toks23
) (./mainrep.aux
(./methods/methods.aux))
\openout1 = `mainrep.aux'.

LaTeX Font Info:    Checking defaults for OML/txmi/m/it on input line 50.
LaTeX Font Info:    Try loading font information for OML+txmi on input line 50.


(/usr/share/texlive/texmf-dist/tex/latex/txfonts/omltxmi.fd
File: omltxmi.fd 2000/12/15 v3.1
)
LaTeX Font Info:    ... okay on input line 50.
LaTeX Font Info:    Checking defaults for T1/cmr/m/n on input line 50.
LaTeX Font Info:    ... okay on input line 50.
LaTeX Font Info:    Checking defaults for OT1/cmr/m/n on input line 50.
LaTeX Font Info:    ... okay on input line 50.
LaTeX Font Info:    Checking defaults for OMS/txsy/m/n on input line 50.
LaTeX Font Info:    Try loading font information for OMS+txsy on input line 50.


(/usr/share/texlive/texmf-dist/tex/latex/txfonts/omstxsy.fd
File: omstxsy.fd 2000/12/15 v3.1
)
LaTeX Font Info:    ... okay on input line 50.
LaTeX Font Info:    Checking defaults for OMX/txex/m/n on input line 50.
LaTeX Font Info:    Try loading font information for OMX+txex on input line 50.


(/usr/share/texlive/texmf-dist/tex/latex/txfonts/omxtxex.fd
File: omxtxex.fd 2000/12/15 v3.1
)
LaTeX Font Info:    ... okay on input line 50.
LaTeX Font Info:    Checking defaults for U/txexa/m/n on input line 50.
LaTeX Font Info:    Try loading font information for U+txexa on input line 50.

(/usr/share/texlive/texmf-dist/tex/latex/txfonts/utxexa.fd
File: utxexa.fd 2000/12/15 v3.1
)
LaTeX Font Info:    ... okay on input line 50.
LaTeX Font Info:    Checking defaults for PD1/pdf/m/n on input line 50.
LaTeX Font Info:    ... okay on input line 50.
LaTeX Font Info:    Try loading font information for OT1+txr on input line 50.

(/usr/share/texlive/texmf-dist/tex/latex/txfonts/ot1txr.fd
File: ot1txr.fd 2000/12/15 v3.1
)
\AtBeginShipoutBox=\box30
Package hyperref Info: Link coloring OFF on input line 50.

(/usr/share/texlive/texmf-dist/tex/latex/hyperref/nameref.sty
Package: nameref 2012/10/27 v2.43 Cross-referencing by name of section

(/usr/share/texlive/texmf-dist/tex/generic/oberdiek/gettitlestring.sty
Package: gettitlestring 2010/12/03 v1.4 Cleanup title references (HO)
)
\c@section@level=\count126
)
LaTeX Info: Redefining \ref on input line 50.
LaTeX Info: Redefining \pageref on input line 50.
LaTeX Info: Redefining \nameref on input line 50.

(./mainrep.out) (./mainrep.out)
\@outlinefile=\write3
\openout3 = `mainrep.out'.


(/usr/share/texlive/texmf-dist/tex/context/base/supp-pdf.mkii
[Loading MPS to PDF converter (version 2006.09.02).]
\scratchcounter=\count127
\scratchdimen=\dimen146
\scratchbox=\box31
\nofMPsegments=\count128
\nofMParguments=\count129
\everyMPshowfont=\toks24
\MPscratchCnt=\count130
\MPscratchDim=\dimen147
\MPnumerator=\count131
\makeMPintoPDFobject=\count132
\everyMPtoPDFconversion=\toks25
) (/usr/share/texlive/texmf-dist/tex/latex/oberdiek/epstopdf-base.sty
Package: epstopdf-base 2010/02/09 v2.5 Base part for package epstopdf

(/usr/share/texlive/texmf-dist/tex/latex/oberdiek/grfext.sty
Package: grfext 2010/08/19 v1.1 Manage graphics extensions (HO)
)
Package grfext Info: Graphics extension search list:
(grfext)             [.png,.pdf,.jpg,.mps,.jpeg,.jbig2,.jb2,.PNG,.PDF,.JPG,.JPE
G,.JBIG2,.JB2,.eps]
(grfext)             \AppendGraphicsExtensions on input line 452.

(/usr/share/texlive/texmf-dist/tex/latex/latexconfig/epstopdf-sys.cfg
File: epstopdf-sys.cfg 2010/07/13 v1.3 Configuration of (r)epstopdf for TeX Liv
e
))
Package caption Info: Begin \AtBeginDocument code.
Package caption Info: subfig package v1.3 is loaded.
Package caption Info: End \AtBeginDocument code.
LaTeX Font Info:    Try loading font information for OT1+ptm on input line 59.

(/usr/share/texlive/texmf-dist/tex/latex/psnfss/ot1ptm.fd
File: ot1ptm.fd 2001/06/04 font definitions for OT1/ptm.
)
LaTeX Font Info:    Try loading font information for OT1+phv on input line 59.

(/usr/share/texlive/texmf-dist/tex/latex/psnfss/ot1phv.fd
File: ot1phv.fd 2001/06/04 scalable font definitions for OT1/phv.
)
LaTeX Font Info:    Font shape `OT1/phv/bx/n' in size <20.74> not available
(Font)              Font shape `OT1/phv/b/n' tried instead on input line 59.
LaTeX Font Info:    Try loading font information for OT1+pzc on input line 59.

(/usr/share/texlive/texmf-dist/tex/latex/psnfss/ot1pzc.fd
File: ot1pzc.fd 2001/06/04 font definitions for OT1/pzc.
)
LaTeX Font Info:    Font shape `OT1/pzc/m/it' in size <14.4> not available
(Font)              Font shape `OT1/pzc/mb/it' tried instead on input line 59.
LaTeX Font Info:    Try loading font information for OT1+ppl on input line 59.

(/usr/share/texlive/texmf-dist/tex/latex/psnfss/ot1ppl.fd
File: ot1ppl.fd 2001/06/04 font definitions for OT1/ppl.
)
LaTeX Font Info:    Font shape `OT1/ppl/bx/it' in size <14.4> not available
(Font)              Font shape `OT1/ppl/b/it' tried instead on input line 59.
LaTeX Font Info:    Font shape `OT1/ptm/bx/n' in size <14.4> not available
(Font)              Font shape `OT1/ptm/b/n' tried instead on input line 59.

<images/iitb-black.pdf, id=76, 557.08125pt x 533.995pt>
File: images/iitb-black.pdf Graphic file (type pdf)

<use images/iitb-black.pdf>
Package pdftex.def Info: images/iitb-black.pdf used on input line 59.
(pdftex.def)             Requested size: 120.0pt x 115.02669pt.
 [1

{/var/lib/texmf/fonts/map/pdftex/updmap/pdftex.map} <./images/iitb-black.pdf>]p
dfTeX warning (ext4): destination with the same identifier (name{page.1}) has b
een already used, duplicate ignored
<to be read again> 
                   \relax 
l.70 \end{abstract}
                    [1] (./mainrep.toc
LaTeX Font Info:    Try loading font information for U+txmia on input line 2.

(/usr/share/texlive/texmf-dist/tex/latex/txfonts/utxmia.fd
File: utxmia.fd 2000/12/15 v3.1
)
LaTeX Font Info:    Try loading font information for U+txsya on input line 2.

(/usr/share/texlive/texmf-dist/tex/latex/txfonts/utxsya.fd
File: utxsya.fd 2000/12/15 v3.1
)
LaTeX Font Info:    Try loading font information for U+txsyb on input line 2.

(/usr/share/texlive/texmf-dist/tex/latex/txfonts/utxsyb.fd
File: utxsyb.fd 2000/12/15 v3.1
)
LaTeX Font Info:    Try loading font information for U+txsyc on input line 2.

(/usr/share/texlive/texmf-dist/tex/latex/txfonts/utxsyc.fd
File: utxsyc.fd 2000/12/15 v3.1
))
\tf@toc=\write4
\openout4 = `mainrep.toc'.

 [1

] [2

]
(./mainrep.lot)
\tf@lot=\write5
\openout5 = `mainrep.lot'.

 [3] [4

] (./mainrep.lof)
\tf@lof=\write6
\openout6 = `mainrep.lof'.

 [5] [6

]
\openout2 = `methods/methods.aux'.

 (./methods/methods.tex
Chapter 1.
pdfTeX warning (ext4): destination with the same identifier (name{page.1}) has 
been already used, duplicate ignored
<to be read again> 
                   \relax 
l.19 
      [1


]
Package epstopdf Info: Source file: <images/CD_0.eps>
(epstopdf)                    date: 2015-06-17 12:01:54
(epstopdf)                    size: 37386 bytes
(epstopdf)             Output file: <images/CD_0-eps-converted-to.pdf>
(epstopdf)                    date: 2015-06-17 12:31:20
(epstopdf)                    size: 6795 bytes
(epstopdf)             Command: <repstopdf --outfile=images/CD_0-eps-converted-
to.pdf images/CD_0.eps>
(epstopdf)             \includegraphics on input line 28.
Package epstopdf Info: Output file is already uptodate.
 <images/CD_0-eps-converted-to.pdf, id=187, 1405.25pt x 753.81625pt>
File: images/CD_0-eps-converted-to.pdf Graphic file (type pdf)

<use images/CD_0-eps-converted-to.pdf>
Package pdftex.def Info: images/CD_0-eps-converted-to.pdf used on input line 28
.
(pdftex.def)             Requested size: 281.04501pt x 150.76057pt.

Overfull \hbox (81.87573pt too wide) in paragraph at lines 28--29
[]|[]| 
 []

Package epstopdf Info: Source file: <images/CD_20.eps>
(epstopdf)                    date: 2015-06-17 12:03:28
(epstopdf)                    size: 146321 bytes
(epstopdf)             Output file: <images/CD_20-eps-converted-to.pdf>
(epstopdf)                    date: 2015-06-17 14:47:56
(epstopdf)                    size: 18367 bytes
(epstopdf)             Command: <repstopdf --outfile=images/CD_20-eps-converted
-to.pdf images/CD_20.eps>
(epstopdf)             \includegraphics on input line 29.
Package epstopdf Info: Output file is already uptodate.
<images/CD_20-eps-converted-to.pdf, id=188, 1405.25pt x 753.81625pt>
File: images/CD_20-eps-converted-to.pdf Graphic file (type pdf)

<use images/CD_20-eps-converted-to.pdf>
Package pdftex.def Info: images/CD_20-eps-converted-to.pdf used on input line 2
9.
(pdftex.def)             Requested size: 281.04501pt x 150.76057pt.

Overfull \hbox (138.78123pt too wide) in paragraph at lines 29--30
[]|[]| 
 []

Package epstopdf Info: Source file: <images/CD_50.eps>
(epstopdf)                    date: 2015-06-17 12:02:53
(epstopdf)                    size: 197730 bytes
(epstopdf)             Output file: <images/CD_50-eps-converted-to.pdf>
(epstopdf)                    date: 2015-06-17 14:47:56
(epstopdf)                    size: 23774 bytes
(epstopdf)             Command: <repstopdf --outfile=images/CD_50-eps-converted
-to.pdf images/CD_50.eps>
(epstopdf)             \includegraphics on input line 30.
Package epstopdf Info: Output file is already uptodate.
<images/CD_50-eps-converted-to.pdf, id=189, 1405.25pt x 753.81625pt>
File: images/CD_50-eps-converted-to.pdf Graphic file (type pdf)

<use images/CD_50-eps-converted-to.pdf>
Package pdftex.def Info: images/CD_50-eps-converted-to.pdf used on input line 3
0.
(pdftex.def)             Requested size: 281.04501pt x 150.76057pt.

Overfull \hbox (81.87573pt too wide) in paragraph at lines 30--31
[]|[]| 
 []

Package epstopdf Info: Source file: <images/CD_100.eps>
(epstopdf)                    date: 2015-06-17 12:02:31
(epstopdf)                    size: 275253 bytes
(epstopdf)             Output file: <images/CD_100-eps-converted-to.pdf>
(epstopdf)                    date: 2015-06-17 14:47:57
(epstopdf)                    size: 32133 bytes
(epstopdf)             Command: <repstopdf --outfile=images/CD_100-eps-converte
d-to.pdf images/CD_100.eps>
(epstopdf)             \includegraphics on input line 31.
Package epstopdf Info: Output file is already uptodate.
<images/CD_100-eps-converted-to.pdf, id=190, 1405.25pt x 753.81625pt>
File: images/CD_100-eps-converted-to.pdf Graphic file (type pdf)

<use images/CD_100-eps-converted-to.pdf>
Package pdftex.def Info: images/CD_100-eps-converted-to.pdf used on input line 
31.
(pdftex.def)             Requested size: 281.04501pt x 150.76057pt.

Overfull \hbox (138.78123pt too wide) in paragraph at lines 31--32
[]|[]| 
 []

[2] [3 <./images/CD_0-eps-converted-to.pdf> <./images/CD_20-eps-converted-to.pd
f> <./images/CD_50-eps-converted-to.pdf> <./images/CD_100-eps-converted-to.pdf>
]
Package epstopdf Info: Source file: <images/quad.eps>
(epstopdf)                    date: 2015-04-06 17:21:22
(epstopdf)                    size: 47985 bytes
(epstopdf)             Output file: <images/quad-eps-converted-to.pdf>
(epstopdf)                    date: 2015-06-16 17:38:56
(epstopdf)                    size: 44846 bytes
(epstopdf)             Command: <repstopdf --outfile=images/quad-eps-converted-
to.pdf images/quad.eps>
(epstopdf)             \includegraphics on input line 63.
Package epstopdf Info: Output file is already uptodate.
 <images/quad-eps-converted-to.pdf, id=228, 503.8825pt x 413.545pt>
File: images/quad-eps-converted-to.pdf Graphic file (type pdf)

<use images/quad-eps-converted-to.pdf>
Package pdftex.def Info: images/quad-eps-converted-to.pdf used on input line 63
.
(pdftex.def)             Requested size: 251.94063pt x 206.77199pt.


Package hyperref Warning: Token not allowed in a PDF string (PDFDocEncoding):
(hyperref)                removing `math shift' on input line 67.


Package hyperref Warning: Token not allowed in a PDF string (PDFDocEncoding):
(hyperref)                removing `\theta' on input line 67.


Package hyperref Warning: Token not allowed in a PDF string (PDFDocEncoding):
(hyperref)                removing `math shift' on input line 67.

Package epstopdf Info: Source file: <images/angle.eps>
(epstopdf)                    date: 2015-04-06 17:22:01
(epstopdf)                    size: 49680 bytes
(epstopdf)             Output file: <images/angle-eps-converted-to.pdf>
(epstopdf)                    date: 2015-06-16 17:38:56
(epstopdf)                    size: 46241 bytes
(epstopdf)             Command: <repstopdf --outfile=images/angle-eps-converted
-to.pdf images/angle.eps>
(epstopdf)             \includegraphics on input line 75.
Package epstopdf Info: Output file is already uptodate.
<images/angle-eps-converted-to.pdf, id=229, 466.74374pt x 460.72125pt>
File: images/angle-eps-converted-to.pdf Graphic file (type pdf)

<use images/angle-eps-converted-to.pdf>
Package pdftex.def Info: images/angle-eps-converted-to.pdf used on input line 7
5.
(pdftex.def)             Requested size: 233.37129pt x 230.36006pt.
 [4 <./images/quad-eps-converted-to.pdf>]
Package epstopdf Info: Source file: <images/atan.eps>
(epstopdf)                    date: 2015-04-06 17:22:29
(epstopdf)                    size: 9384 bytes
(epstopdf)             Output file: <images/atan-eps-converted-to.pdf>
(epstopdf)                    date: 2015-06-16 17:38:57
(epstopdf)                    size: 10209 bytes
(epstopdf)             Command: <repstopdf --outfile=images/atan-eps-converted-
to.pdf images/atan.eps>
(epstopdf)             \includegraphics on input line 97.
Package epstopdf Info: Output file is already uptodate.
 <images/atan-eps-converted-to.pdf, id=238, 577.15625pt x 486.81876pt>
File: images/atan-eps-converted-to.pdf Graphic file (type pdf)

<use images/atan-eps-converted-to.pdf>
Package pdftex.def Info: images/atan-eps-converted-to.pdf used on input line 97
.
(pdftex.def)             Requested size: 288.57741pt x 243.40878pt.

Underfull \vbox (badness 10000) has occurred while \output is active []

 [5 <./images/angle-eps-converted-to.pdf>]
Underfull \hbox (badness 10000) in paragraph at lines 113--114

 []

Package epstopdf Info: Source file: <images/triangle.eps>
(epstopdf)                    date: 2015-04-06 17:30:24
(epstopdf)                    size: 41662 bytes
(epstopdf)             Output file: <images/triangle-eps-converted-to.pdf>
(epstopdf)                    date: 2015-06-16 17:38:57
(epstopdf)                    size: 68336 bytes
(epstopdf)             Command: <repstopdf --outfile=images/triangle-eps-conver
ted-to.pdf images/triangle.eps>
(epstopdf)             \includegraphics on input line 117.
Package epstopdf Info: Output file is already uptodate.
<images/triangle-eps-converted-to.pdf, id=250, 789.95125pt x 408.52625pt>
File: images/triangle-eps-converted-to.pdf Graphic file (type pdf)

<use images/triangle-eps-converted-to.pdf>
Package pdftex.def Info: images/triangle-eps-converted-to.pdf used on input lin
e 117.
(pdftex.def)             Requested size: 315.9749pt x 163.4076pt.

Underfull \vbox (badness 5359) has occurred while \output is active []

 [6 <./images/atan-eps-converted-to.pdf>]
Package epstopdf Info: Source file: <images/trapezium.eps>
(epstopdf)                    date: 2015-04-06 17:30:42
(epstopdf)                    size: 48783 bytes
(epstopdf)             Output file: <images/trapezium-eps-converted-to.pdf>
(epstopdf)                    date: 2015-06-16 17:38:57
(epstopdf)                    size: 46256 bytes
(epstopdf)             Command: <repstopdf --outfile=images/trapezium-eps-conve
rted-to.pdf images/trapezium.eps>
(epstopdf)             \includegraphics on input line 132.
Package epstopdf Info: Output file is already uptodate.

<images/trapezium-eps-converted-to.pdf, id=259, 658.46pt x 356.33125pt>
File: images/trapezium-eps-converted-to.pdf Graphic file (type pdf)

<use images/trapezium-eps-converted-to.pdf>
Package pdftex.def Info: images/trapezium-eps-converted-to.pdf used on input li
ne 132.
(pdftex.def)             Requested size: 263.37933pt x 142.52997pt.
Package epstopdf Info: Source file: <images/2ndQuad.eps>
(epstopdf)                    date: 2015-04-06 17:27:58
(epstopdf)                    size: 31464 bytes
(epstopdf)             Output file: <images/2ndQuad-eps-converted-to.pdf>
(epstopdf)                    date: 2015-06-16 17:38:57
(epstopdf)                    size: 29562 bytes
(epstopdf)             Command: <repstopdf --outfile=images/2ndQuad-eps-convert
ed-to.pdf images/2ndQuad.eps>
(epstopdf)             \includegraphics on input line 137.
Package epstopdf Info: Output file is already uptodate.

<images/2ndQuad-eps-converted-to.pdf, id=260, 531.9875pt x 222.8325pt>
File: images/2ndQuad-eps-converted-to.pdf Graphic file (type pdf)

<use images/2ndQuad-eps-converted-to.pdf>
Package pdftex.def Info: images/2ndQuad-eps-converted-to.pdf used on input line
 137.
(pdftex.def)             Requested size: 319.19496pt x 133.70053pt.

Underfull \vbox (badness 10000) has occurred while \output is active []

 [7 <./images/triangle-eps-converted-to.pdf> <./images/trapezium-eps-converted-
to.pdf>]
Package epstopdf Info: Source file: <images/triangle_p.eps>
(epstopdf)                    date: 2015-04-06 17:30:15
(epstopdf)                    size: 16126 bytes
(epstopdf)             Output file: <images/triangle_p-eps-converted-to.pdf>
(epstopdf)                    date: 2015-06-16 17:38:57
(epstopdf)                    size: 15701 bytes
(epstopdf)             Command: <repstopdf --outfile=images/triangle_p-eps-conv
erted-to.pdf images/triangle_p.eps>
(epstopdf)             \includegraphics on input line 157.
Package epstopdf Info: Output file is already uptodate.

<images/triangle_p-eps-converted-to.pdf, id=273, 352.31625pt x 333.245pt>
File: images/triangle_p-eps-converted-to.pdf Graphic file (type pdf)

<use images/triangle_p-eps-converted-to.pdf>
Package pdftex.def Info: images/triangle_p-eps-converted-to.pdf used on input l
ine 157.
(pdftex.def)             Requested size: 140.924pt x 133.29562pt.

Overfull \hbox (86.11159pt too wide) in alignment at lines 161--168
 [][][] []
 []

Package epstopdf Info: Source file: <images/trapezium_p.eps>
(epstopdf)                    date: 2015-04-06 17:30:33
(epstopdf)                    size: 49489 bytes
(epstopdf)             Output file: <images/trapezium_p-eps-converted-to.pdf>
(epstopdf)                    date: 2015-06-16 17:38:57
(epstopdf)                    size: 47802 bytes
(epstopdf)             Command: <repstopdf --outfile=images/trapezium_p-eps-con
verted-to.pdf images/trapezium_p.eps>
(epstopdf)             \includegraphics on input line 174.
Package epstopdf Info: Output file is already uptodate.
<images/trapezium_p-eps-converted-to.pdf, id=274, 735.74875pt x 409.53pt>
File: images/trapezium_p-eps-converted-to.pdf Graphic file (type pdf)

<use images/trapezium_p-eps-converted-to.pdf>
Package pdftex.def Info: images/trapezium_p-eps-converted-to.pdf used on input 
line 174.
(pdftex.def)             Requested size: 294.29428pt x 163.80908pt.
 [8 <./images/2ndQuad-eps-converted-to.pdf> <./images/triangle_p-eps-converted-
to.pdf>]
Package epstopdf Info: Source file: <images/compliment_p.eps>
(epstopdf)                    date: 2015-04-06 17:23:04
(epstopdf)                    size: 31894 bytes
(epstopdf)             Output file: <images/compliment_p-eps-converted-to.pdf>
(epstopdf)                    date: 2015-06-16 17:38:57
(epstopdf)                    size: 30899 bytes
(epstopdf)             Command: <repstopdf --outfile=images/compliment_p-eps-co
nverted-to.pdf images/compliment_p.eps>
(epstopdf)             \includegraphics on input line 201.
Package epstopdf Info: Output file is already uptodate.

<images/compliment_p-eps-converted-to.pdf, id=286, 466.74374pt x 349.305pt>
File: images/compliment_p-eps-converted-to.pdf Graphic file (type pdf)

<use images/compliment_p-eps-converted-to.pdf>
Package pdftex.def Info: images/compliment_p-eps-converted-to.pdf used on input
 line 201.
(pdftex.def)             Requested size: 140.0242pt x 104.7923pt.
 [9 <./images/trapezium_p-eps-converted-to.pdf> <./images/compliment_p-eps-conv
erted-to.pdf>]
Package epstopdf Info: Source file: <images/normal_form.eps>
(epstopdf)                    date: 2015-04-06 17:29:15
(epstopdf)                    size: 21551 bytes
(epstopdf)             Output file: <images/normal_form-eps-converted-to.pdf>
(epstopdf)                    date: 2015-06-16 17:38:58
(epstopdf)                    size: 21926 bytes
(epstopdf)             Command: <repstopdf --outfile=images/normal_form-eps-con
verted-to.pdf images/normal_form.eps>
(epstopdf)             \includegraphics on input line 219.
Package epstopdf Info: Output file is already uptodate.

<images/normal_form-eps-converted-to.pdf, id=298, 480.79625pt x 416.55624pt>
File: images/normal_form-eps-converted-to.pdf Graphic file (type pdf)

<use images/normal_form-eps-converted-to.pdf>
Package pdftex.def Info: images/normal_form-eps-converted-to.pdf used on input 
line 219.
(pdftex.def)             Requested size: 192.31508pt x 166.61954pt.
Package epstopdf Info: Source file: <images/extrapolate.eps>
(epstopdf)                    date: 2015-04-06 17:26:40
(epstopdf)                    size: 35621 bytes
(epstopdf)             Output file: <images/extrapolate-eps-converted-to.pdf>
(epstopdf)                    date: 2015-06-16 17:38:58
(epstopdf)                    size: 54868 bytes
(epstopdf)             Command: <repstopdf --outfile=images/extrapolate-eps-con
verted-to.pdf images/extrapolate.eps>
(epstopdf)             \includegraphics on input line 230.
Package epstopdf Info: Output file is already uptodate.

<images/extrapolate-eps-converted-to.pdf, id=299, 417.56pt x 468.75125pt>
File: images/extrapolate-eps-converted-to.pdf Graphic file (type pdf)

<use images/extrapolate-eps-converted-to.pdf>
Package pdftex.def Info: images/extrapolate-eps-converted-to.pdf used on input 
line 230.
(pdftex.def)             Requested size: 167.02103pt x 187.49716pt.
 [10 <./images/normal_form-eps-converted-to.pdf> <./images/extrapolate-eps-conv
erted-to.pdf>]
Package epstopdf Info: Source file: <images/ad_triangle.eps>
(epstopdf)                    date: 2015-04-06 17:28:42
(epstopdf)                    size: 20977 bytes
(epstopdf)             Output file: <images/ad_triangle-eps-converted-to.pdf>
(epstopdf)                    date: 2015-06-16 17:38:58
(epstopdf)                    size: 19096 bytes
(epstopdf)             Command: <repstopdf --outfile=images/ad_triangle-eps-con
verted-to.pdf images/ad_triangle.eps>
(epstopdf)             \includegraphics on input line 265.
Package epstopdf Info: Output file is already uptodate.

<images/ad_triangle-eps-converted-to.pdf, id=311, 762.85pt x 355.3275pt>
File: images/ad_triangle-eps-converted-to.pdf Graphic file (type pdf)

<use images/ad_triangle-eps-converted-to.pdf>
Package pdftex.def Info: images/ad_triangle-eps-converted-to.pdf used on input 
line 265.
(pdftex.def)             Requested size: 305.1346pt x 142.12846pt.
 [11]
Package epstopdf Info: Source file: <images/ad_trapezium.eps>
(epstopdf)                    date: 2015-04-06 17:28:20
(epstopdf)                    size: 11564 bytes
(epstopdf)             Output file: <images/ad_trapezium-eps-converted-to.pdf>
(epstopdf)                    date: 2015-06-16 17:38:58
(epstopdf)                    size: 10438 bytes
(epstopdf)             Command: <repstopdf --outfile=images/ad_trapezium-eps-co
nverted-to.pdf images/ad_trapezium.eps>
(epstopdf)             \includegraphics on input line 279.
Package epstopdf Info: Output file is already uptodate.

<images/ad_trapezium-eps-converted-to.pdf, id=318, 306.14375pt x 310.15875pt>
File: images/ad_trapezium-eps-converted-to.pdf Graphic file (type pdf)

<use images/ad_trapezium-eps-converted-to.pdf>
Package pdftex.def Info: images/ad_trapezium-eps-converted-to.pdf used on input
 line 279.
(pdftex.def)             Requested size: 122.45532pt x 124.0613pt.

Underfull \hbox (badness 10000) in paragraph at lines 275--281

 []


Underfull \vbox (badness 10000) has occurred while \output is active []

 [12 <./images/ad_triangle-eps-converted-to.pdf>]
Package epstopdf Info: Source file: <images/ad_trap_pi4.eps>
(epstopdf)                    date: 2015-04-06 17:28:34
(epstopdf)                    size: 26702 bytes
(epstopdf)             Output file: <images/ad_trap_pi4-eps-converted-to.pdf>
(epstopdf)                    date: 2015-06-16 17:38:58
(epstopdf)                    size: 24248 bytes
(epstopdf)             Command: <repstopdf --outfile=images/ad_trap_pi4-eps-con
verted-to.pdf images/ad_trap_pi4.eps>
(epstopdf)             \includegraphics on input line 289.
Package epstopdf Info: Output file is already uptodate.

<images/ad_trap_pi4-eps-converted-to.pdf, id=328, 923.45pt x 301.125pt>
File: images/ad_trap_pi4-eps-converted-to.pdf Graphic file (type pdf)

<use images/ad_trap_pi4-eps-converted-to.pdf>
Package pdftex.def Info: images/ad_trap_pi4-eps-converted-to.pdf used on input 
line 289.
(pdftex.def)             Requested size: 369.37346pt x 120.44786pt.

Underfull \hbox (badness 10000) in paragraph at lines 287--291

 []


Underfull \hbox (badness 10000) in paragraph at lines 295--296

 []


Underfull \hbox (badness 10000) in paragraph at lines 297--299

 []


Underfull \hbox (badness 10000) in paragraph at lines 300--301

 []

Package epstopdf Info: Source file: <images/ad_comp.eps>
(epstopdf)                    date: 2015-04-06 17:28:12
(epstopdf)                    size: 21760 bytes
(epstopdf)             Output file: <images/ad_comp-eps-converted-to.pdf>
(epstopdf)                    date: 2015-06-16 17:38:58
(epstopdf)                    size: 19921 bytes
(epstopdf)             Command: <repstopdf --outfile=images/ad_comp-eps-convert
ed-to.pdf images/ad_comp.eps>
(epstopdf)             \includegraphics on input line 306.
Package epstopdf Info: Output file is already uptodate.
<images/ad_comp-eps-converted-to.pdf, id=329, 759.83875pt x 377.41pt>
File: images/ad_comp-eps-converted-to.pdf Graphic file (type pdf)

<use images/ad_comp-eps-converted-to.pdf>
Package pdftex.def Info: images/ad_comp-eps-converted-to.pdf used on input line
 306.
(pdftex.def)             Requested size: 303.93011pt x 150.96132pt.
 [13 <./images/ad_trapezium-eps-converted-to.pdf> <./images/ad_trap_pi4-eps-con
verted-to.pdf>]
Underfull \hbox (badness 10000) in paragraph at lines 310--312

 []

Package epstopdf Info: Source file: <images/ad_rect.eps>
(epstopdf)                    date: 2015-06-17 16:32:13
(epstopdf)                    size: 24432 bytes
(epstopdf)             Output file: <images/ad_rect-eps-converted-to.pdf>
(epstopdf)                    date: 2015-06-17 16:47:00
(epstopdf)                    size: 23073 bytes
(epstopdf)             Command: <repstopdf --outfile=images/ad_rect-eps-convert
ed-to.pdf images/ad_rect.eps>
(epstopdf)             \includegraphics on input line 321.
Package epstopdf Info: Output file is already uptodate.
<images/ad_rect-eps-converted-to.pdf, id=340, 645.41125pt x 596.2275pt>
File: images/ad_rect-eps-converted-to.pdf Graphic file (type pdf)

<use images/ad_rect-eps-converted-to.pdf>
Package pdftex.def Info: images/ad_rect-eps-converted-to.pdf used on input line
 321.
(pdftex.def)             Requested size: 129.07996pt x 119.24338pt.
) [14 <./images/ad_comp-eps-converted-to.pdf> <./images/ad_rect-eps-converted-t
o.pdf>] [15] (./mainrep.bbl [16


]

! Package babel Error: Unknown language `english'. Either you have
(babel)                misspelled its name, it has not been installed,
(babel)                or you requested it in a previous run. Fix its name,
(babel)                install it or just rerun the file, respectively.

See the babel package documentation for explanation.
Type  H <return>  for immediate help.
 ...                                              
                                                  
l.80   solid surface},}\ }}
                           %
You may proceed, but expect unexpected results


! Package babel Error: Unknown language `english'. Either you have
(babel)                misspelled its name, it has not been installed,
(babel)                or you requested it in a previous run. Fix its name,
(babel)                install it or just rerun the file, respectively.

See the babel package documentation for explanation.
Type  H <return>  for immediate help.
 ...                                              
                                                  
l.80   solid surface},}\ }}
                           %
You may proceed, but expect unexpected results


! Package babel Error: Unknown language `english'. Either you have
(babel)                misspelled its name, it has not been installed,
(babel)                or you requested it in a previous run. Fix its name,
(babel)                install it or just rerun the file, respectively.

See the babel package documentation for explanation.
Type  H <return>  for immediate help.
 ...                                              
                                                  
l.107   droplet with a solid surface},}\ }}
                                           %
You may proceed, but expect unexpected results


! Package babel Error: Unknown language `english'. Either you have
(babel)                misspelled its name, it has not been installed,
(babel)                or you requested it in a previous run. Fix its name,
(babel)                install it or just rerun the file, respectively.

See the babel package documentation for explanation.
Type  H <return>  for immediate help.
 ...                                              
                                                  
l.107   droplet with a solid surface},}\ }}
                                           %
You may proceed, but expect unexpected results

[17]
Missing character: There is no ‚ in font txr!
Missing character: There is no Ä in font txr!
Missing character: There is no ê in font txr!
Missing character: There is no ¬ in font txr!
Missing character: There is no ¥ in font txr!
 [18]
Missing character: There is no ƒ in font txr!
Missing character: There is no á in font txr!
)
Package atveryend Info: Empty hook `BeforeClearDocument' on input line 92.
 [19]
Package atveryend Info: Empty hook `AfterLastShipout' on input line 92.
 (./mainrep.aux (./methods/methods.aux))
Package atveryend Info: Executing hook `AtVeryEndDocument' on input line 92.
Package atveryend Info: Executing hook `AtEndAfterFileList' on input line 92.
Package rerunfilecheck Info: File `mainrep.out' has not changed.
(rerunfilecheck)             Checksum: 58BA4C7874C036C4466F78961CE97D92;1358.
Package atveryend Info: Empty hook `AtVeryVeryEnd' on input line 92.
 ) 
Here is how much of TeX's memory you used:
 8792 strings out of 495028
 129174 string characters out of 6181496
 205352 words of memory out of 5000000
 11679 multiletter control sequences out of 15000+600000
 49780 words of font info for 105 fonts, out of 8000000 for 9000
 14 hyphenation exceptions out of 8191
 44i,21n,49p,253b,509s stack positions out of 5000i,500n,10000p,200000b,80000s
{/usr/share/texlive/texmf-dist/fonts/enc/dvips/base/8r.enc}</usr/share/texliv
e/texmf-dist/fonts/type1/public/txfonts/rtxmi.pfb></usr/share/texlive/texmf-dis
t/fonts/type1/public/txfonts/rtxr.pfb></usr/share/texlive/texmf-dist/fonts/type
1/public/txfonts/txex.pfb></usr/share/texlive/texmf-dist/fonts/type1/public/txf
onts/txsy.pfb></usr/share/texlive/texmf-dist/fonts/type1/urw/helvetic/uhvb8a.pf
b></usr/share/texlive/texmf-dist/fonts/type1/urw/palatino/uplbi8a.pfb></usr/sha
re/texlive/texmf-dist/fonts/type1/urw/times/utmb8a.pfb></usr/share/texlive/texm
f-dist/fonts/type1/urw/times/utmr8a.pfb></usr/share/texlive/texmf-dist/fonts/ty
pe1/urw/times/utmri8a.pfb></usr/share/texlive/texmf-dist/fonts/type1/urw/zapfch
an/uzcmi8a.pfb>
Output written on mainrep.pdf (27 pages, 768081 bytes).
PDF statistics:
 482 PDF objects out of 1000 (max. 8388607)
 397 compressed objects within 4 object streams
 112 named destinations out of 1000 (max. 500000)
 250 words of extra memory for PDF output out of 10000 (max. 10000000)

